TN:
SF:__tests__\setup.js
FN:11,(anonymous_0)
FN:24,(anonymous_1)
FN:34,(anonymous_2)
FN:41,(anonymous_3)
FNF:4
FNH:3
FNDA:7,(anonymous_0)
FNDA:37,(anonymous_1)
FNDA:7,(anonymous_2)
FNDA:0,(anonymous_3)
DA:6,7
DA:11,7
DA:12,7
DA:13,7
DA:15,7
DA:20,7
DA:24,7
DA:25,37
DA:27,37
DA:28,207
DA:29,207
DA:34,7
DA:35,7
DA:36,7
DA:37,7
DA:41,7
DA:42,0
DA:43,0
LF:18
LH:16
BRDA:45,0,0,0
BRDA:45,0,1,0
BRF:2
BRH:0
end_of_record
TN:
SF:controllers\achievementController.js
FN:8,getAllAchievements
FN:26,(anonymous_1)
FN:54,getUnlockedAchievements
FN:61,(anonymous_3)
FN:76,triggerAchievementCheck
FN:89,resetAchievementsForUser
FN:104,getUserStatistics
FNF:7
FNH:6
FNDA:1,getAllAchievements
FNDA:2,(anonymous_1)
FNDA:1,getUnlockedAchievements
FNDA:1,(anonymous_3)
FNDA:1,triggerAchievementCheck
FNDA:0,resetAchievementsForUser
FNDA:1,getUserStatistics
DA:9,1
DA:10,1
DA:12,1
DA:14,1
DA:19,1
DA:20,1
DA:21,1
DA:22,1
DA:26,1
DA:27,2
DA:28,2
DA:30,2
DA:46,1
DA:48,0
DA:49,0
DA:55,1
DA:56,1
DA:57,1
DA:61,1
DA:68,1
DA:70,0
DA:71,0
DA:77,1
DA:78,1
DA:79,1
DA:80,1
DA:81,1
DA:83,0
DA:84,0
DA:90,0
DA:91,0
DA:92,0
DA:93,0
DA:98,0
DA:99,0
DA:105,1
DA:106,1
DA:107,1
DA:108,0
DA:110,1
DA:111,1
DA:113,0
DA:114,0
LF:43
LH:28
BRDA:21,0,0,1
BRDA:21,0,1,0
BRDA:28,1,0,2
BRDA:28,1,1,2
BRDA:35,2,0,2
BRDA:35,2,1,0
BRDA:37,3,0,1
BRDA:37,3,1,1
BRDA:78,4,0,0
BRDA:78,4,1,1
BRDA:107,5,0,0
BRDA:107,5,1,1
BRF:12
BRH:8
end_of_record
TN:
SF:controllers\cardController.js
FN:11,(anonymous_0)
FN:27,(anonymous_1)
FN:28,(anonymous_2)
FN:32,(anonymous_3)
FN:47,(anonymous_4)
FN:60,(anonymous_5)
FN:89,(anonymous_6)
FN:90,(anonymous_7)
FN:94,(anonymous_8)
FN:109,(anonymous_9)
FN:122,(anonymous_10)
FN:141,(anonymous_11)
FN:162,(anonymous_12)
FN:178,(anonymous_13)
FN:190,(anonymous_14)
FN:207,(anonymous_15)
FN:227,(anonymous_16)
FN:239,(anonymous_17)
FN:257,(anonymous_18)
FN:295,(anonymous_19)
FN:321,(anonymous_20)
FN:404,(anonymous_21)
FNF:22
FNH:13
FNDA:3,(anonymous_0)
FNDA:0,(anonymous_1)
FNDA:0,(anonymous_2)
FNDA:0,(anonymous_3)
FNDA:6,(anonymous_4)
FNDA:6,(anonymous_5)
FNDA:3,(anonymous_6)
FNDA:0,(anonymous_7)
FNDA:0,(anonymous_8)
FNDA:2,(anonymous_9)
FNDA:2,(anonymous_10)
FNDA:11,(anonymous_11)
FNDA:2,(anonymous_12)
FNDA:3,(anonymous_13)
FNDA:3,(anonymous_14)
FNDA:2,(anonymous_15)
FNDA:3,(anonymous_16)
FNDA:3,(anonymous_17)
FNDA:0,(anonymous_18)
FNDA:0,(anonymous_19)
FNDA:0,(anonymous_20)
FNDA:0,(anonymous_21)
DA:11,1
DA:12,3
DA:15,3
DA:16,3
DA:21,3
DA:22,2
DA:26,2
DA:27,0
DA:28,0
DA:30,2
DA:32,0
DA:33,0
DA:37,0
DA:42,0
DA:46,2
DA:48,6
DA:60,6
DA:61,2
DA:62,2
DA:64,2
DA:68,3
DA:69,3
DA:70,3
DA:73,3
DA:78,3
DA:84,3
DA:85,1
DA:88,1
DA:89,3
DA:90,0
DA:92,1
DA:94,0
DA:95,0
DA:99,0
DA:104,0
DA:108,1
DA:110,2
DA:122,2
DA:125,1
DA:126,0
DA:128,1
DA:130,1
DA:134,3
DA:137,3
DA:140,3
DA:142,11
DA:147,3
DA:148,0
DA:149,0
DA:152,3
DA:162,1
DA:163,2
DA:166,2
DA:167,2
DA:171,2
DA:172,1
DA:173,1
DA:177,1
DA:179,3
DA:190,3
DA:191,1
DA:192,1
DA:193,1
DA:196,1
DA:198,1
DA:207,1
DA:208,2
DA:210,2
DA:211,2
DA:212,2
DA:213,1
DA:214,1
DA:217,1
DA:218,1
DA:219,1
DA:220,1
DA:221,1
DA:222,0
DA:223,0
DA:226,1
DA:228,3
DA:239,3
DA:240,1
DA:243,1
DA:246,1
DA:248,1
DA:257,1
DA:258,0
DA:260,0
DA:261,0
DA:262,0
DA:268,0
DA:279,0
DA:284,0
DA:286,0
DA:295,1
DA:296,0
DA:298,0
DA:307,0
DA:312,0
DA:321,1
DA:322,0
DA:323,0
DA:327,0
DA:329,0
DA:335,0
DA:336,0
DA:337,0
DA:340,0
DA:341,0
DA:342,0
DA:346,0
DA:347,0
DA:348,0
DA:354,0
DA:361,0
DA:362,0
DA:363,0
DA:368,0
DA:369,0
DA:370,0
DA:372,0
DA:373,0
DA:377,0
DA:383,0
DA:384,0
DA:390,0
DA:404,1
DA:405,0
DA:406,0
DA:409,0
DA:410,0
DA:414,0
DA:417,0
DA:418,0
DA:422,0
DA:423,0
DA:426,0
DA:428,0
DA:429,0
LF:140
LH:74
BRDA:16,0,0,1
BRDA:16,0,1,2
BRDA:21,1,0,2
BRDA:21,1,1,1
BRDA:27,2,0,0
BRDA:27,2,1,0
BRDA:30,3,0,0
BRDA:30,3,1,2
BRDA:73,4,0,0
BRDA:73,4,1,3
BRDA:78,5,0,3
BRDA:78,5,1,1
BRDA:78,5,2,0
BRDA:78,5,3,0
BRDA:84,6,0,1
BRDA:84,6,1,2
BRDA:89,7,0,3
BRDA:89,7,1,3
BRDA:92,8,0,0
BRDA:92,8,1,1
BRDA:125,9,0,0
BRDA:125,9,1,1
BRDA:142,10,0,11
BRDA:142,10,1,0
BRDA:142,10,2,0
BRDA:154,11,0,3
BRDA:154,11,1,0
BRDA:167,12,0,1
BRDA:167,12,1,1
BRDA:171,13,0,1
BRDA:171,13,1,1
BRDA:212,14,0,1
BRDA:212,14,1,1
BRDA:217,15,0,1
BRDA:217,15,1,1
BRDA:221,16,0,0
BRDA:221,16,1,1
BRDA:260,17,0,0
BRDA:260,17,1,0
BRDA:296,18,0,0
BRDA:296,19,0,0
BRDA:327,20,0,0
BRDA:327,20,1,0
BRDA:335,21,0,0
BRDA:335,21,1,0
BRDA:340,22,0,0
BRDA:340,22,1,0
BRDA:340,23,0,0
BRDA:340,23,1,0
BRDA:346,24,0,0
BRDA:346,24,1,0
BRDA:346,25,0,0
BRDA:346,25,1,0
BRDA:361,26,0,0
BRDA:361,26,1,0
BRDA:368,27,0,0
BRDA:368,27,1,0
BRDA:378,28,0,0
BRDA:378,28,1,0
BRDA:379,29,0,0
BRDA:379,29,1,0
BRDA:383,30,0,0
BRDA:383,30,1,0
BRDA:409,31,0,0
BRDA:409,31,1,0
BRDA:417,32,0,0
BRDA:417,32,1,0
BRDA:422,33,0,0
BRDA:422,33,1,0
BRF:69
BRH:25
end_of_record
TN:
SF:controllers\characterController.js
FN:6,(anonymous_0)
FN:47,(anonymous_1)
FN:74,(anonymous_2)
FN:88,(anonymous_3)
FN:92,(anonymous_4)
FN:99,(anonymous_5)
FN:118,(anonymous_6)
FN:156,(anonymous_7)
FN:180,(anonymous_8)
FN:197,(anonymous_9)
FN:212,(anonymous_10)
FN:242,(anonymous_11)
FNF:12
FNH:4
FNDA:2,(anonymous_0)
FNDA:0,(anonymous_1)
FNDA:0,(anonymous_2)
FNDA:1,(anonymous_3)
FNDA:2,(anonymous_4)
FNDA:0,(anonymous_5)
FNDA:2,(anonymous_6)
FNDA:0,(anonymous_7)
FNDA:0,(anonymous_8)
FNDA:0,(anonymous_9)
FNDA:0,(anonymous_10)
FNDA:0,(anonymous_11)
DA:6,1
DA:7,2
DA:8,2
DA:9,2
DA:11,2
DA:12,1
DA:16,1
DA:19,1
DA:20,0
DA:24,1
DA:25,1
DA:26,1
DA:39,1
DA:42,1
DA:43,1
DA:46,1
DA:47,0
DA:51,1
DA:57,1
DA:60,1
DA:61,1
DA:66,1
DA:74,0
DA:82,0
DA:83,0
DA:88,1
DA:89,1
DA:90,1
DA:92,2
DA:99,0
DA:107,1
DA:111,0
DA:112,0
DA:118,1
DA:119,2
DA:120,2
DA:123,2
DA:126,2
DA:129,2
DA:130,1
DA:131,1
DA:138,1
DA:145,1
DA:149,1
DA:156,0
DA:164,0
DA:165,0
DA:169,1
DA:180,1
DA:181,0
DA:182,0
DA:183,0
DA:186,0
DA:187,0
DA:191,0
DA:192,0
DA:193,0
DA:197,0
DA:198,0
DA:199,0
DA:202,0
DA:203,0
DA:207,0
DA:208,0
DA:212,0
DA:213,0
DA:215,0
DA:218,0
DA:223,0
DA:226,0
DA:229,0
DA:236,0
DA:237,0
DA:242,1
DA:243,0
DA:244,0
DA:247,0
DA:248,0
DA:249,0
DA:252,0
DA:258,0
DA:259,0
LF:82
LH:39
BRDA:11,0,0,1
BRDA:11,0,1,1
BRDA:19,1,0,0
BRDA:19,1,1,1
BRDA:25,2,0,1
BRDA:25,2,1,0
BRDA:46,3,0,0
BRDA:46,3,1,1
BRDA:46,4,0,1
BRDA:46,4,1,1
BRDA:129,5,0,1
BRDA:129,5,1,1
BRDA:129,6,0,2
BRDA:129,6,1,1
BRDA:129,6,2,1
BRDA:145,7,0,0
BRDA:145,7,1,1
BRDA:145,8,0,1
BRDA:145,8,1,1
BRDA:151,9,0,1
BRDA:151,9,1,0
BRDA:186,10,0,0
BRDA:186,10,1,0
BRDA:186,11,0,0
BRDA:186,11,1,0
BRDA:192,12,0,0
BRDA:192,12,1,0
BRDA:198,13,0,0
BRDA:198,13,1,0
BRDA:202,14,0,0
BRDA:202,14,1,0
BRDA:207,15,0,0
BRDA:207,15,1,0
BRDA:213,16,0,0
BRDA:213,16,1,0
BRDA:213,17,0,0
BRDA:213,17,1,0
BRDA:215,18,0,0
BRDA:215,18,1,0
BRDA:248,19,0,0
BRDA:248,19,1,0
BRDA:253,20,0,0
BRDA:253,20,1,0
BRDA:254,21,0,0
BRDA:254,21,1,0
BRF:45
BRH:16
end_of_record
TN:
SF:controllers\dungeonController.js
FN:9,validateUserStats
FN:47,(anonymous_1)
FN:138,(anonymous_2)
FN:234,(anonymous_3)
FN:243,(anonymous_4)
FN:472,(anonymous_5)
FN:515,(anonymous_6)
FN:561,(anonymous_7)
FN:630,(anonymous_8)
FN:687,(anonymous_9)
FN:725,(anonymous_10)
FN:760,(anonymous_11)
FN:847,(anonymous_12)
FN:940,(anonymous_13)
FNF:14
FNH:2
FNDA:0,validateUserStats
FNDA:2,(anonymous_1)
FNDA:0,(anonymous_2)
FNDA:0,(anonymous_3)
FNDA:0,(anonymous_4)
FNDA:0,(anonymous_5)
FNDA:0,(anonymous_6)
FNDA:1,(anonymous_7)
FNDA:0,(anonymous_8)
FNDA:0,(anonymous_9)
FNDA:0,(anonymous_10)
FNDA:0,(anonymous_11)
FNDA:0,(anonymous_12)
FNDA:0,(anonymous_13)
DA:11,0
DA:12,0
DA:13,0
DA:14,0
DA:15,0
DA:21,0
DA:22,0
DA:23,0
DA:26,0
DA:29,0
DA:30,0
DA:33,0
DA:38,0
DA:39,0
DA:40,0
DA:41,0
DA:43,0
DA:47,1
DA:48,2
DA:49,2
DA:52,2
DA:55,2
DA:56,1
DA:63,1
DA:66,1
DA:70,1
DA:71,0
DA:75,1
DA:80,0
DA:87,1
DA:90,1
DA:104,1
DA:105,1
DA:106,1
DA:107,1
DA:109,1
DA:132,0
DA:133,0
DA:138,1
DA:139,0
DA:140,0
DA:141,0
DA:142,0
DA:144,0
DA:146,0
DA:151,0
DA:153,0
DA:154,0
DA:161,0
DA:162,0
DA:170,0
DA:172,0
DA:173,0
DA:176,0
DA:178,0
DA:180,0
DA:181,0
DA:182,0
DA:187,0
DA:189,0
DA:190,0
DA:191,0
DA:192,0
DA:197,0
DA:198,0
DA:201,0
DA:203,0
DA:204,0
DA:206,0
DA:207,0
DA:208,0
DA:209,0
DA:212,0
DA:217,0
DA:222,0
DA:223,0
DA:224,0
DA:227,0
DA:234,0
DA:235,0
DA:237,0
DA:238,0
DA:240,0
DA:241,0
DA:243,0
DA:247,0
DA:248,0
DA:249,0
DA:250,0
DA:252,0
DA:259,0
DA:265,0
DA:266,0
DA:267,0
DA:270,0
DA:271,0
DA:272,0
DA:273,0
DA:274,0
DA:275,0
DA:276,0
DA:277,0
DA:279,0
DA:282,0
DA:283,0
DA:285,0
DA:291,0
DA:292,0
DA:294,0
DA:297,0
DA:299,0
DA:300,0
DA:302,0
DA:306,0
DA:314,0
DA:315,0
DA:321,0
DA:322,0
DA:324,0
DA:325,0
DA:326,0
DA:327,0
DA:328,0
DA:329,0
DA:332,0
DA:333,0
DA:334,0
DA:345,0
DA:346,0
DA:347,0
DA:348,0
DA:356,0
DA:360,0
DA:361,0
DA:362,0
DA:368,0
DA:369,0
DA:372,0
DA:373,0
DA:378,0
DA:382,0
DA:386,0
DA:387,0
DA:389,0
DA:390,0
DA:391,0
DA:400,0
DA:401,0
DA:402,0
DA:403,0
DA:407,0
DA:410,0
DA:411,0
DA:415,0
DA:416,0
DA:417,0
DA:420,0
DA:422,0
DA:423,0
DA:425,0
DA:426,0
DA:427,0
DA:428,0
DA:430,0
DA:431,0
DA:432,0
DA:433,0
DA:438,0
DA:443,0
DA:446,0
DA:447,0
DA:449,0
DA:450,0
DA:453,0
DA:471,0
DA:472,0
DA:474,0
DA:475,0
DA:478,0
DA:479,0
DA:480,0
DA:481,0
DA:487,0
DA:488,0
DA:490,0
DA:491,0
DA:496,0
DA:506,0
DA:507,0
DA:508,0
DA:515,1
DA:516,0
DA:517,0
DA:518,0
DA:522,0
DA:523,0
DA:526,0
DA:527,0
DA:528,0
DA:530,0
DA:531,0
DA:532,0
DA:533,0
DA:536,0
DA:537,0
DA:539,0
DA:540,0
DA:541,0
DA:543,0
DA:544,0
DA:545,0
DA:548,0
DA:549,0
DA:556,0
DA:557,0
DA:561,1
DA:562,1
DA:563,1
DA:564,1
DA:567,1
DA:568,0
DA:573,1
DA:574,1
DA:577,1
DA:578,1
DA:579,1
DA:582,1
DA:583,0
DA:584,0
DA:585,0
DA:590,1
DA:591,1
DA:598,1
DA:599,1
DA:602,1
DA:603,1
DA:604,1
DA:606,0
DA:610,1
DA:623,0
DA:624,0
DA:630,1
DA:631,0
DA:632,0
DA:633,0
DA:635,0
DA:636,0
DA:637,0
DA:641,0
DA:643,0
DA:644,0
DA:645,0
DA:649,0
DA:650,0
DA:654,0
DA:663,0
DA:665,0
DA:670,0
DA:673,0
DA:680,0
DA:682,0
DA:683,0
DA:687,1
DA:688,0
DA:689,0
DA:691,0
DA:692,0
DA:693,0
DA:699,0
DA:700,0
DA:703,0
DA:704,0
DA:705,0
DA:708,0
DA:711,0
DA:713,0
DA:717,0
DA:719,0
DA:720,0
DA:725,1
DA:726,0
DA:727,0
DA:730,0
DA:734,0
DA:735,0
DA:739,0
DA:742,0
DA:743,0
DA:745,0
DA:746,0
DA:747,0
DA:748,0
DA:752,0
DA:756,0
DA:757,0
DA:760,0
DA:761,0
DA:762,0
DA:765,0
DA:766,0
DA:769,0
DA:770,0
DA:773,0
DA:774,0
DA:775,0
DA:776,0
DA:777,0
DA:778,0
DA:779,0
DA:790,0
DA:791,0
DA:792,0
DA:800,0
DA:803,0
DA:804,0
DA:805,0
DA:810,0
DA:811,0
DA:816,0
DA:819,0
DA:820,0
DA:821,0
DA:826,0
DA:839,0
DA:840,0
DA:847,1
DA:848,0
DA:849,0
DA:850,0
DA:853,0
DA:854,0
DA:855,0
DA:858,0
DA:860,0
DA:862,0
DA:867,0
DA:870,0
DA:872,0
DA:875,0
DA:876,0
DA:879,0
DA:880,0
DA:882,0
DA:888,0
DA:890,0
DA:892,0
DA:895,0
DA:896,0
DA:904,0
DA:906,0
DA:907,0
DA:914,0
DA:919,0
DA:932,0
DA:933,0
DA:940,1
DA:941,0
DA:942,0
DA:943,0
DA:946,0
DA:947,0
DA:948,0
DA:952,0
DA:953,0
DA:956,0
DA:960,0
DA:962,0
DA:966,0
DA:968,0
DA:970,0
DA:971,0
DA:972,0
DA:975,0
DA:978,0
DA:979,0
DA:981,0
DA:985,0
DA:986,0
DA:987,0
DA:991,0
DA:994,0
DA:995,0
DA:1000,0
DA:1001,0
DA:1002,0
DA:1004,0
DA:1005,0
DA:1006,0
DA:1007,0
DA:1011,0
DA:1012,0
DA:1013,0
DA:1015,0
DA:1020,0
DA:1039,0
DA:1041,0
DA:1051,0
DA:1052,0
LF:398
LH:43
BRDA:11,0,0,0
BRDA:11,0,1,0
BRDA:13,1,0,0
BRDA:13,1,1,0
BRDA:21,2,0,0
BRDA:21,2,1,0
BRDA:22,3,0,0
BRDA:22,3,1,0
BRDA:29,4,0,0
BRDA:29,4,1,0
BRDA:38,5,0,0
BRDA:38,5,1,0
BRDA:39,6,0,0
BRDA:39,6,1,0
BRDA:40,7,0,0
BRDA:40,7,1,0
BRDA:41,8,0,0
BRDA:41,8,1,0
BRDA:55,9,0,1
BRDA:55,9,1,1
BRDA:63,10,0,1
BRDA:63,10,1,0
BRDA:70,11,0,0
BRDA:70,11,1,1
BRDA:75,12,0,0
BRDA:75,12,1,1
BRDA:76,13,0,1
BRDA:76,13,1,1
BRDA:76,13,2,1
BRDA:87,14,0,1
BRDA:87,14,1,1
BRDA:126,15,0,1
BRDA:126,15,1,1
BRDA:127,16,0,1
BRDA:127,16,1,1
BRDA:141,17,0,0
BRDA:141,17,1,0
BRDA:153,18,0,0
BRDA:153,18,1,0
BRDA:153,19,0,0
BRDA:153,19,1,0
BRDA:161,20,0,0
BRDA:161,20,1,0
BRDA:163,21,0,0
BRDA:163,21,1,0
BRDA:172,22,0,0
BRDA:172,22,1,0
BRDA:178,23,0,0
BRDA:178,23,1,0
BRDA:203,24,0,0
BRDA:203,24,1,0
BRDA:203,25,0,0
BRDA:203,25,1,0
BRDA:222,26,0,0
BRDA:222,26,1,0
BRDA:229,27,0,0
BRDA:229,27,1,0
BRDA:237,28,0,0
BRDA:237,28,1,0
BRDA:240,29,0,0
BRDA:240,29,1,0
BRDA:240,30,0,0
BRDA:240,30,1,0
BRDA:266,31,0,0
BRDA:266,31,1,0
BRDA:270,32,0,0
BRDA:270,32,1,0
BRDA:270,33,0,0
BRDA:270,33,1,0
BRDA:273,34,0,0
BRDA:273,34,1,0
BRDA:279,35,0,0
BRDA:279,35,1,0
BRDA:282,36,0,0
BRDA:282,36,1,0
BRDA:282,37,0,0
BRDA:282,37,1,0
BRDA:291,38,0,0
BRDA:291,38,1,0
BRDA:293,39,0,0
BRDA:293,39,1,0
BRDA:309,40,0,0
BRDA:309,40,1,0
BRDA:309,40,2,0
BRDA:315,41,0,0
BRDA:315,41,1,0
BRDA:324,42,0,0
BRDA:324,42,1,0
BRDA:327,43,0,0
BRDA:327,43,1,0
BRDA:328,44,0,0
BRDA:328,44,1,0
BRDA:330,45,0,0
BRDA:330,45,1,0
BRDA:345,46,0,0
BRDA:345,46,1,0
BRDA:346,47,0,0
BRDA:346,47,1,0
BRDA:365,48,0,0
BRDA:365,48,1,0
BRDA:368,49,0,0
BRDA:368,49,1,0
BRDA:386,50,0,0
BRDA:386,50,1,0
BRDA:407,51,0,0
BRDA:407,51,1,0
BRDA:410,52,0,0
BRDA:410,52,1,0
BRDA:416,53,0,0
BRDA:416,53,1,0
BRDA:420,54,0,0
BRDA:420,54,1,0
BRDA:422,55,0,0
BRDA:422,55,1,0
BRDA:426,56,0,0
BRDA:426,56,1,0
BRDA:430,57,0,0
BRDA:430,57,1,0
BRDA:434,58,0,0
BRDA:434,58,1,0
BRDA:474,59,0,0
BRDA:474,59,1,0
BRDA:479,60,0,0
BRDA:479,60,1,0
BRDA:503,61,0,0
BRDA:503,61,1,0
BRDA:522,62,0,0
BRDA:522,62,1,0
BRDA:526,63,0,0
BRDA:526,63,1,0
BRDA:543,64,0,0
BRDA:543,64,1,0
BRDA:545,65,0,0
BRDA:545,65,1,0
BRDA:550,66,0,0
BRDA:550,66,1,0
BRDA:567,67,0,0
BRDA:567,67,1,1
BRDA:573,68,0,1
BRDA:573,68,1,0
BRDA:577,69,0,1
BRDA:577,69,1,0
BRDA:582,70,0,0
BRDA:582,70,1,1
BRDA:584,71,0,0
BRDA:584,71,1,0
BRDA:590,72,0,1
BRDA:590,72,1,0
BRDA:590,73,0,1
BRDA:590,73,1,1
BRDA:592,74,0,1
BRDA:592,74,1,0
BRDA:611,75,0,1
BRDA:611,75,1,0
BRDA:619,76,0,1
BRDA:619,76,1,0
BRDA:620,77,0,1
BRDA:620,77,1,0
BRDA:636,78,0,0
BRDA:636,78,1,0
BRDA:636,79,0,0
BRDA:636,79,1,0
BRDA:641,80,0,0
BRDA:641,80,1,0
BRDA:641,81,0,0
BRDA:641,81,1,0
BRDA:644,82,0,0
BRDA:644,82,1,0
BRDA:649,83,0,0
BRDA:649,83,1,0
BRDA:649,84,0,0
BRDA:649,84,1,0
BRDA:670,85,0,0
BRDA:670,85,1,0
BRDA:692,86,0,0
BRDA:692,86,1,0
BRDA:692,87,0,0
BRDA:692,87,1,0
BRDA:703,88,0,0
BRDA:703,88,1,0
BRDA:711,89,0,0
BRDA:711,89,1,0
BRDA:734,90,0,0
BRDA:734,90,1,0
BRDA:734,91,0,0
BRDA:734,91,1,0
BRDA:739,92,0,0
BRDA:739,92,1,0
BRDA:739,92,2,0
BRDA:745,93,0,0
BRDA:745,93,1,0
BRDA:745,94,0,0
BRDA:745,94,1,0
BRDA:756,95,0,0
BRDA:756,95,1,0
BRDA:761,96,0,0
BRDA:761,96,1,0
BRDA:766,97,0,0
BRDA:766,97,1,0
BRDA:773,98,0,0
BRDA:773,98,1,0
BRDA:775,99,0,0
BRDA:775,99,1,0
BRDA:776,100,0,0
BRDA:776,100,1,0
BRDA:790,101,0,0
BRDA:790,101,1,0
BRDA:803,102,0,0
BRDA:803,102,1,0
BRDA:810,103,0,0
BRDA:810,103,1,0
BRDA:820,104,0,0
BRDA:820,104,1,0
BRDA:854,105,0,0
BRDA:854,105,1,0
BRDA:854,106,0,0
BRDA:854,106,1,0
BRDA:860,107,0,0
BRDA:860,107,1,0
BRDA:870,108,0,0
BRDA:870,108,1,0
BRDA:880,109,0,0
BRDA:880,109,1,0
BRDA:888,110,0,0
BRDA:888,110,1,0
BRDA:889,111,0,0
BRDA:889,111,1,0
BRDA:890,112,0,0
BRDA:890,112,1,0
BRDA:924,113,0,0
BRDA:924,113,1,0
BRDA:947,114,0,0
BRDA:947,114,1,0
BRDA:947,115,0,0
BRDA:947,115,1,0
BRDA:960,116,0,0
BRDA:960,116,1,0
BRDA:966,117,0,0
BRDA:966,117,1,0
BRDA:978,118,0,0
BRDA:978,118,1,0
BRDA:978,119,0,0
BRDA:978,119,1,0
BRDA:985,120,0,0
BRDA:985,120,1,0
BRDA:991,121,0,0
BRDA:991,121,1,0
BRDA:994,122,0,0
BRDA:994,122,1,0
BRDA:1000,123,0,0
BRDA:1000,123,1,0
BRDA:1004,124,0,0
BRDA:1004,124,1,0
BRDA:1007,125,0,0
BRDA:1007,125,1,0
BRDA:1032,126,0,0
BRDA:1032,126,1,0
BRF:257
BRH:25
end_of_record
TN:
SF:controllers\shopController.js
FN:19,(anonymous_0)
FN:42,(anonymous_1)
FN:91,(anonymous_2)
FN:108,(anonymous_3)
FNF:4
FNH:4
FNDA:1,(anonymous_0)
FNDA:1,(anonymous_1)
FNDA:1,(anonymous_2)
FNDA:1,(anonymous_3)
DA:19,1
DA:20,1
DA:21,1
DA:22,1
DA:24,1
DA:30,1
DA:32,1
DA:37,0
DA:38,0
DA:42,1
DA:43,1
DA:44,1
DA:46,1
DA:47,1
DA:48,0
DA:51,1
DA:52,1
DA:53,0
DA:57,1
DA:60,1
DA:61,1
DA:64,0
DA:65,0
DA:69,1
DA:70,1
DA:73,1
DA:79,1
DA:81,0
DA:82,0
DA:91,1
DA:92,1
DA:93,1
DA:94,1
DA:96,1
DA:97,0
DA:100,1
DA:102,0
DA:103,0
DA:108,1
DA:109,1
DA:110,1
DA:111,1
DA:113,1
DA:118,1
DA:119,0
DA:123,1
DA:124,1
DA:125,0
DA:128,1
DA:131,1
DA:134,1
DA:135,1
DA:138,0
DA:139,0
DA:143,1
DA:144,0
DA:145,0
DA:147,1
DA:150,1
DA:152,0
DA:153,0
LF:61
LH:42
BRDA:21,0,0,0
BRDA:21,1,0,0
BRDA:47,2,0,0
BRDA:47,2,1,1
BRDA:47,3,0,1
BRDA:47,3,1,1
BRDA:52,4,0,0
BRDA:52,4,1,1
BRDA:60,5,0,1
BRDA:60,5,1,0
BRDA:96,6,0,0
BRDA:96,6,1,1
BRDA:118,7,0,0
BRDA:118,7,1,1
BRDA:118,8,0,1
BRDA:118,8,1,1
BRDA:124,9,0,0
BRDA:124,9,1,1
BRDA:134,10,0,1
BRDA:134,10,1,0
BRDA:143,11,0,0
BRDA:143,11,1,1
BRF:22
BRH:12
end_of_record
TN:
SF:controllers\taskController.js
FN:13,(anonymous_0)
FN:26,(anonymous_1)
FN:119,(anonymous_2)
FN:143,(anonymous_3)
FN:196,(anonymous_4)
FN:298,(anonymous_5)
FN:328,(anonymous_6)
FN:339,(anonymous_7)
FN:355,(anonymous_8)
FN:412,(anonymous_9)
FNF:10
FNH:4
FNDA:1,(anonymous_0)
FNDA:1,(anonymous_1)
FNDA:1,(anonymous_2)
FNDA:0,(anonymous_3)
FNDA:0,(anonymous_4)
FNDA:1,(anonymous_5)
FNDA:0,(anonymous_6)
FNDA:0,(anonymous_7)
FNDA:0,(anonymous_8)
FNDA:0,(anonymous_9)
DA:13,1
DA:14,1
DA:15,1
DA:16,1
DA:18,0
DA:19,0
DA:26,1
DA:27,1
DA:29,1
DA:30,1
DA:31,0
DA:33,1
DA:34,0
DA:38,1
DA:39,1
DA:45,1
DA:46,0
DA:50,1
DA:51,0
DA:57,1
DA:58,0
DA:59,0
DA:63,0
DA:64,0
DA:65,0
DA:67,0
DA:68,0
DA:74,1
DA:75,1
DA:76,1
DA:77,1
DA:78,1
DA:82,1
DA:96,1
DA:97,1
DA:100,1
DA:101,1
DA:106,1
DA:109,1
DA:111,0
DA:112,0
DA:119,1
DA:120,1
DA:121,1
DA:124,1
DA:125,0
DA:129,1
DA:130,0
DA:133,1
DA:135,0
DA:136,0
DA:143,1
DA:144,0
DA:145,0
DA:147,0
DA:148,0
DA:151,0
DA:152,0
DA:156,0
DA:157,0
DA:158,0
DA:162,0
DA:163,0
DA:164,0
DA:166,0
DA:167,0
DA:173,0
DA:174,0
DA:176,0
DA:177,0
DA:181,0
DA:182,0
DA:186,0
DA:187,0
DA:196,0
DA:197,0
DA:200,0
DA:212,0
DA:213,0
DA:214,0
DA:215,0
DA:216,0
DA:218,0
DA:219,0
DA:220,0
DA:223,0
DA:227,0
DA:228,0
DA:229,0
DA:230,0
DA:231,0
DA:232,0
DA:233,0
DA:234,0
DA:237,0
DA:238,0
DA:241,0
DA:242,0
DA:245,0
DA:246,0
DA:249,0
DA:251,0
DA:253,0
DA:259,0
DA:260,0
DA:261,0
DA:265,0
DA:266,0
DA:267,0
DA:268,0
DA:270,0
DA:272,0
DA:278,0
DA:281,0
DA:284,0
DA:290,0
DA:291,0
DA:298,1
DA:299,1
DA:300,1
DA:301,1
DA:302,1
DA:303,0
DA:306,1
DA:307,1
DA:310,1
DA:314,1
DA:315,1
DA:318,1
DA:320,0
DA:321,0
DA:328,1
DA:329,0
DA:330,0
DA:333,0
DA:339,1
DA:340,0
DA:341,0
DA:345,0
DA:347,0
DA:348,0
DA:355,1
DA:356,0
DA:357,0
DA:359,0
DA:360,0
DA:363,0
DA:364,0
DA:368,0
DA:370,0
DA:371,0
DA:374,0
DA:375,0
DA:378,0
DA:379,0
DA:380,0
DA:386,0
DA:393,0
DA:394,0
DA:397,0
DA:398,0
DA:400,0
DA:401,0
DA:402,0
DA:404,0
DA:405,0
DA:412,1
DA:413,0
DA:414,0
DA:417,0
DA:418,0
DA:422,0
DA:423,0
DA:427,0
DA:428,0
DA:430,0
DA:431,0
DA:433,0
DA:434,0
LF:179
LH:48
BRDA:30,0,0,0
BRDA:30,0,1,1
BRDA:30,1,0,1
BRDA:30,1,1,1
BRDA:30,1,2,1
BRDA:33,2,0,0
BRDA:33,2,1,1
BRDA:45,3,0,0
BRDA:45,3,1,1
BRDA:50,4,0,0
BRDA:50,4,1,1
BRDA:50,5,0,1
BRDA:50,5,1,1
BRDA:57,6,0,0
BRDA:57,6,1,1
BRDA:58,7,0,0
BRDA:58,7,1,0
BRDA:58,8,0,0
BRDA:58,8,1,0
BRDA:58,8,2,0
BRDA:64,9,0,0
BRDA:64,9,1,0
BRDA:64,10,0,0
BRDA:64,10,1,0
BRDA:67,11,0,0
BRDA:67,11,1,0
BRDA:75,12,0,1
BRDA:75,12,1,0
BRDA:91,13,0,1
BRDA:91,13,1,1
BRDA:100,14,0,1
BRDA:100,14,1,0
BRDA:124,15,0,0
BRDA:124,15,1,1
BRDA:129,16,0,0
BRDA:129,16,1,1
BRDA:147,17,0,0
BRDA:147,17,1,0
BRDA:151,18,0,0
BRDA:151,18,1,0
BRDA:156,19,0,0
BRDA:156,19,1,0
BRDA:157,20,0,0
BRDA:157,20,1,0
BRDA:157,21,0,0
BRDA:157,21,1,0
BRDA:157,21,2,0
BRDA:163,22,0,0
BRDA:163,22,1,0
BRDA:163,23,0,0
BRDA:163,23,1,0
BRDA:166,24,0,0
BRDA:166,24,1,0
BRDA:174,25,0,0
BRDA:174,25,1,0
BRDA:176,26,0,0
BRDA:176,26,1,0
BRDA:181,27,0,0
BRDA:181,27,1,0
BRDA:197,28,0,0
BRDA:197,28,1,0
BRDA:201,29,0,0
BRDA:201,29,1,0
BRDA:213,30,0,0
BRDA:213,30,1,0
BRDA:213,31,0,0
BRDA:213,31,1,0
BRDA:215,32,0,0
BRDA:215,32,1,0
BRDA:227,33,0,0
BRDA:227,33,1,0
BRDA:228,34,0,0
BRDA:228,34,1,0
BRDA:229,35,0,0
BRDA:229,35,1,0
BRDA:230,36,0,0
BRDA:230,36,1,0
BRDA:231,37,0,0
BRDA:231,37,1,0
BRDA:232,38,0,0
BRDA:232,38,1,0
BRDA:233,39,0,0
BRDA:233,39,1,0
BRDA:234,40,0,0
BRDA:234,40,1,0
BRDA:237,41,0,0
BRDA:237,41,1,0
BRDA:241,42,0,0
BRDA:241,42,1,0
BRDA:245,43,0,0
BRDA:245,43,1,0
BRDA:251,44,0,0
BRDA:251,44,1,0
BRDA:251,45,0,0
BRDA:251,45,1,0
BRDA:251,45,2,0
BRDA:253,46,0,0
BRDA:253,46,1,0
BRDA:254,47,0,0
BRDA:254,47,1,0
BRDA:254,47,2,0
BRDA:265,48,0,0
BRDA:265,48,1,0
BRDA:301,49,0,0
BRDA:301,49,1,1
BRDA:302,50,0,0
BRDA:302,50,1,1
BRDA:306,51,0,1
BRDA:306,51,1,0
BRDA:359,52,0,0
BRDA:359,52,1,0
BRDA:359,53,0,0
BRDA:359,53,1,0
BRDA:359,53,2,0
BRDA:363,54,0,0
BRDA:363,54,1,0
BRDA:370,55,0,0
BRDA:370,55,1,0
BRDA:374,56,0,0
BRDA:374,56,1,0
BRDA:378,57,0,0
BRDA:378,57,1,0
BRDA:379,58,0,0
BRDA:379,58,1,0
BRDA:393,59,0,0
BRDA:393,59,1,0
BRDA:393,60,0,0
BRDA:393,60,1,0
BRDA:417,61,0,0
BRDA:417,61,1,0
BRDA:422,62,0,0
BRDA:422,62,1,0
BRF:132
BRH:19
end_of_record
TN:
SF:controllers\userController.js
FN:9,(anonymous_0)
FN:53,(anonymous_1)
FN:84,(anonymous_2)
FN:111,(anonymous_3)
FNF:4
FNH:4
FNDA:3,(anonymous_0)
FNDA:2,(anonymous_1)
FNDA:2,(anonymous_2)
FNDA:3,(anonymous_3)
DA:9,1
DA:10,3
DA:11,3
DA:14,3
DA:15,3
DA:16,1
DA:20,2
DA:26,1
DA:27,1
DA:31,1
DA:32,1
DA:42,0
DA:45,1
DA:46,1
DA:53,1
DA:54,2
DA:55,2
DA:58,2
DA:60,2
DA:61,1
DA:73,1
DA:76,0
DA:77,0
DA:84,1
DA:85,2
DA:86,2
DA:88,2
DA:89,1
DA:100,1
DA:103,0
DA:104,0
DA:111,1
DA:112,3
DA:113,3
DA:115,3
DA:116,2
DA:117,2
DA:119,2
DA:120,1
DA:123,2
DA:125,2
DA:135,1
DA:138,0
DA:139,0
LF:44
LH:37
BRDA:15,0,0,1
BRDA:15,0,1,2
BRDA:31,1,0,1
BRDA:31,1,1,0
BRDA:60,2,0,1
BRDA:60,2,1,1
BRDA:60,3,0,2
BRDA:60,3,1,2
BRDA:88,4,0,1
BRDA:88,4,1,1
BRDA:115,5,0,2
BRDA:115,5,1,1
BRDA:116,6,0,2
BRDA:116,6,1,1
BRDA:117,7,0,2
BRDA:117,7,1,1
BRDA:119,8,0,1
BRDA:119,8,1,1
BRF:18
BRH:17
end_of_record
TN:
SF:middleware\auth.js
FN:8,(anonymous_0)
FN:39,(anonymous_1)
FN:48,(anonymous_2)
FNF:3
FNH:1
FNDA:0,(anonymous_0)
FNDA:0,(anonymous_1)
FNDA:4,(anonymous_2)
DA:5,1
DA:8,1
DA:12,0
DA:16,0
DA:18,0
DA:21,0
DA:24,0
DA:26,0
DA:28,0
DA:29,0
DA:33,0
DA:34,0
DA:39,1
DA:40,0
DA:41,0
DA:43,0
DA:48,1
DA:49,4
LF:18
LH:5
BRDA:5,0,0,1
BRDA:5,0,1,1
BRDA:12,1,0,0
BRDA:12,1,1,0
BRDA:13,2,0,0
BRDA:13,2,1,0
BRDA:33,3,0,0
BRDA:33,3,1,0
BRDA:40,4,0,0
BRDA:40,4,1,0
BRDA:40,5,0,0
BRDA:40,5,1,0
BRF:12
BRH:2
end_of_record
TN:
SF:models\Achievement.js
FNF:0
FNH:0
DA:3,3
DA:42,3
LF:2
LH:2
BRF:0
BRH:0
end_of_record
TN:
SF:models\Card.js
FNF:0
FNH:0
DA:4,3
DA:79,3
DA:80,3
DA:81,3
DA:83,3
LF:5
LH:5
BRF:0
BRH:0
end_of_record
TN:
SF:models\CharacterClass.js
FNF:0
FNH:0
DA:3,1
DA:23,1
LF:2
LH:2
BRF:0
BRH:0
end_of_record
TN:
SF:models\Dungeon.js
FNF:0
FNH:0
DA:4,1
DA:22,1
DA:36,1
LF:3
LH:3
BRF:0
BRH:0
end_of_record
TN:
SF:models\Event.js
FNF:0
FNH:0
DA:3,1
DA:35,1
LF:2
LH:2
BRF:0
BRH:0
end_of_record
TN:
SF:models\Inventory.js
FNF:0
FNH:0
DA:4,2
DA:15,2
DA:20,2
DA:36,2
DA:41,2
DA:63,2
LF:6
LH:6
BRF:0
BRH:0
end_of_record
TN:
SF:models\Monster.js
FNF:0
FNH:0
DA:4,1
DA:42,1
LF:2
LH:2
BRF:0
BRH:0
end_of_record
TN:
SF:models\ShopItem.js
FNF:0
FNH:0
DA:2,1
DA:4,1
DA:13,1
DA:18,1
DA:42,1
DA:71,1
DA:97,1
LF:7
LH:7
BRF:0
BRH:0
end_of_record
TN:
SF:models\Skill.js
FNF:0
FNH:0
DA:3,2
DA:51,2
LF:2
LH:2
BRF:0
BRH:0
end_of_record
TN:
SF:models\Task.js
FNF:0
FNH:0
DA:4,3
DA:34,3
DA:130,3
LF:3
LH:3
BRF:0
BRH:0
end_of_record
TN:
SF:models\TaskHistory.js
FNF:0
FNH:0
DA:4,3
LF:1
LH:1
BRF:0
BRH:0
end_of_record
TN:
SF:models\User.js
FN:32,(anonymous_0)
FN:37,(anonymous_1)
FN:95,(anonymous_2)
FN:106,(anonymous_3)
FNF:4
FNH:3
FNDA:63,(anonymous_0)
FNDA:63,(anonymous_1)
FNDA:43,(anonymous_2)
FNDA:0,(anonymous_3)
DA:5,7
DA:32,63
DA:37,63
DA:95,7
DA:97,43
DA:98,8
DA:101,43
DA:102,43
DA:106,7
DA:107,0
DA:110,7
LF:11
LH:10
BRDA:97,0,0,8
BRDA:97,0,1,35
BRF:2
BRH:2
end_of_record
TN:
SF:models\UserAchievement.js
FNF:0
FNH:0
DA:4,3
DA:28,3
DA:30,3
LF:3
LH:3
BRF:0
BRH:0
end_of_record
TN:
SF:models\UserDungeonStats.js
FNF:0
FNH:0
DA:3,5
DA:53,5
DA:55,5
LF:3
LH:3
BRF:0
BRH:0
end_of_record
TN:
SF:models\UserStats.js
FNF:0
FNH:0
DA:3,4
DA:48,4
LF:2
LH:2
BRF:0
BRH:0
end_of_record
TN:
SF:services\combatEngine.js
FN:5,(anonymous_0)
FN:36,(anonymous_1)
FN:80,(anonymous_2)
FN:140,(anonymous_3)
FN:143,(anonymous_4)
FN:262,(anonymous_5)
FNF:6
FNH:0
FNDA:0,(anonymous_0)
FNDA:0,(anonymous_1)
FNDA:0,(anonymous_2)
FNDA:0,(anonymous_3)
FNDA:0,(anonymous_4)
FNDA:0,(anonymous_5)
DA:5,1
DA:6,0
DA:7,0
DA:8,0
DA:9,0
DA:20,0
DA:21,0
DA:24,0
DA:25,0
DA:26,0
DA:36,0
DA:45,0
DA:46,0
DA:47,0
DA:48,0
DA:49,0
DA:52,0
DA:53,0
DA:54,0
DA:55,0
DA:56,0
DA:59,0
DA:60,0
DA:63,0
DA:64,0
DA:65,0
DA:67,0
DA:68,0
DA:69,0
DA:70,0
DA:71,0
DA:72,0
DA:74,0
DA:75,0
DA:78,0
DA:79,0
DA:80,0
DA:89,0
DA:90,0
DA:91,0
DA:93,0
DA:94,0
DA:97,0
DA:98,0
DA:99,0
DA:101,0
DA:103,0
DA:106,0
DA:109,0
DA:110,0
DA:111,0
DA:112,0
DA:113,0
DA:115,0
DA:119,0
DA:120,0
DA:123,0
DA:124,0
DA:125,0
DA:126,0
DA:131,0
DA:134,0
DA:135,0
DA:136,0
DA:137,0
DA:140,0
DA:141,0
DA:143,0
DA:146,0
DA:147,0
DA:149,0
DA:150,0
DA:151,0
DA:154,0
DA:157,0
DA:158,0
DA:159,0
DA:160,0
DA:162,0
DA:167,0
DA:168,0
DA:170,0
DA:171,0
DA:173,0
DA:177,0
DA:178,0
DA:179,0
DA:183,0
DA:184,0
DA:185,0
DA:186,0
DA:189,0
DA:190,0
DA:191,0
DA:192,0
DA:198,0
DA:202,0
DA:203,0
DA:205,0
DA:206,0
DA:208,0
DA:218,0
DA:219,0
DA:220,0
DA:221,0
DA:223,0
DA:224,0
DA:225,0
DA:230,0
DA:231,0
DA:232,0
DA:234,0
DA:235,0
DA:236,0
DA:237,0
DA:238,0
DA:239,0
DA:240,0
DA:243,0
DA:244,0
DA:245,0
DA:246,0
DA:248,0
DA:251,0
DA:262,0
LF:125
LH:1
BRDA:10,0,0,0
BRDA:10,0,1,0
BRDA:11,1,0,0
BRDA:11,1,1,0
BRDA:12,2,0,0
BRDA:12,2,1,0
BRDA:13,3,0,0
BRDA:13,3,1,0
BRDA:14,4,0,0
BRDA:14,4,1,0
BRDA:15,5,0,0
BRDA:15,5,1,0
BRDA:16,6,0,0
BRDA:16,6,1,0
BRDA:24,7,0,0
BRDA:24,7,1,0
BRDA:39,8,0,0
BRDA:39,8,1,0
BRDA:40,9,0,0
BRDA:40,9,1,0
BRDA:41,10,0,0
BRDA:41,10,1,0
BRDA:42,11,0,0
BRDA:42,11,1,0
BRDA:46,12,0,0
BRDA:46,12,1,0
BRDA:52,13,0,0
BRDA:52,13,1,0
BRDA:53,14,0,0
BRDA:53,14,1,0
BRDA:54,15,0,0
BRDA:54,15,1,0
BRDA:55,16,0,0
BRDA:55,16,1,0
BRDA:56,17,0,0
BRDA:56,17,1,0
BRDA:67,18,0,0
BRDA:67,18,1,0
BRDA:68,19,0,0
BRDA:68,19,1,0
BRDA:69,20,0,0
BRDA:69,20,1,0
BRDA:70,21,0,0
BRDA:70,21,1,0
BRDA:71,22,0,0
BRDA:71,22,1,0
BRDA:72,23,0,0
BRDA:72,23,1,0
BRDA:78,24,0,0
BRDA:78,24,1,0
BRDA:79,25,0,0
BRDA:79,25,1,0
BRDA:79,26,0,0
BRDA:79,26,1,0
BRDA:93,27,0,0
BRDA:93,27,1,0
BRDA:94,28,0,0
BRDA:94,28,1,0
BRDA:97,29,0,0
BRDA:97,29,1,0
BRDA:101,30,0,0
BRDA:101,30,1,0
BRDA:110,31,0,0
BRDA:110,31,1,0
BRDA:123,32,0,0
BRDA:123,32,1,0
BRDA:135,33,0,0
BRDA:135,33,1,0
BRDA:140,34,0,0
BRDA:140,34,1,0
BRDA:143,35,0,0
BRDA:143,35,1,0
BRDA:143,36,0,0
BRDA:143,36,1,0
BRDA:147,37,0,0
BRDA:147,37,1,0
BRDA:158,38,0,0
BRDA:158,38,1,0
BRDA:170,39,0,0
BRDA:170,39,1,0
BRDA:177,40,0,0
BRDA:177,40,1,0
BRDA:189,41,0,0
BRDA:189,41,1,0
BRDA:202,42,0,0
BRDA:202,42,1,0
BRDA:218,43,0,0
BRDA:218,43,1,0
BRDA:219,44,0,0
BRDA:219,44,1,0
BRDA:224,45,0,0
BRDA:224,45,1,0
BRDA:224,46,0,0
BRDA:224,46,1,0
BRDA:243,47,0,0
BRDA:243,47,1,0
BRDA:244,48,0,0
BRDA:244,48,1,0
BRF:98
BRH:0
end_of_record
TN:
SF:services\eventEngine.js
FN:4,(anonymous_0)
FNF:1
FNH:0
FNDA:0,(anonymous_0)
DA:4,1
DA:5,0
DA:6,0
DA:8,0
DA:9,0
DA:12,0
DA:15,0
DA:17,0
DA:18,0
DA:19,0
DA:20,0
DA:21,0
DA:26,0
DA:27,0
DA:28,0
DA:29,0
DA:30,0
DA:35,0
DA:36,0
DA:37,0
DA:38,0
DA:39,0
DA:40,0
DA:41,0
DA:42,0
DA:43,0
DA:50,0
DA:52,0
DA:55,0
DA:60,0
DA:62,0
DA:64,0
DA:66,0
DA:75,0
DA:78,0
DA:79,0
DA:80,0
DA:87,0
DA:88,0
DA:89,0
DA:96,0
DA:103,0
DA:106,0
DA:107,0
LF:44
LH:1
BRDA:6,0,0,0
BRDA:6,0,1,0
BRDA:6,1,0,0
BRDA:6,1,1,0
BRDA:8,2,0,0
BRDA:8,2,1,0
BRDA:17,3,0,0
BRDA:17,3,1,0
BRDA:18,4,0,0
BRDA:18,4,1,0
BRDA:19,5,0,0
BRDA:19,5,1,0
BRDA:20,6,0,0
BRDA:20,6,1,0
BRDA:26,7,0,0
BRDA:26,7,1,0
BRDA:27,8,0,0
BRDA:27,8,1,0
BRDA:28,9,0,0
BRDA:28,9,1,0
BRDA:29,10,0,0
BRDA:29,10,1,0
BRDA:35,11,0,0
BRDA:35,11,1,0
BRDA:37,12,0,0
BRDA:37,12,1,0
BRDA:38,13,0,0
BRDA:38,13,1,0
BRDA:38,14,0,0
BRDA:38,14,1,0
BRDA:39,15,0,0
BRDA:39,15,1,0
BRDA:41,16,0,0
BRDA:41,16,1,0
BRDA:50,17,0,0
BRDA:50,17,1,0
BRDA:50,18,0,0
BRDA:50,18,1,0
BRDA:50,18,2,0
BRDA:60,19,0,0
BRDA:60,19,1,0
BRDA:62,20,0,0
BRDA:62,20,1,0
BRDA:75,21,0,0
BRDA:75,21,1,0
BRDA:75,21,2,0
BRDA:75,21,3,0
BRDA:79,22,0,0
BRDA:79,22,1,0
BRDA:87,23,0,0
BRDA:87,23,1,0
BRF:51
BRH:0
end_of_record
TN:
SF:utils\TaskRewardCalcultor.js
FN:3,(anonymous_0)
FNF:1
FNH:0
FNDA:0,(anonymous_0)
DA:3,1
DA:4,0
DA:5,0
DA:7,0
LF:4
LH:1
BRDA:3,0,0,0
BRDA:3,1,0,0
BRDA:3,2,0,0
BRDA:4,3,0,0
BRDA:4,3,1,0
BRDA:5,4,0,0
BRDA:5,4,1,0
BRF:7
BRH:0
end_of_record
TN:
SF:utils\checkAchievements.js
FN:7,checkAndUnlockAchievements
FN:26,(anonymous_1)
FNF:2
FNH:1
FNDA:1,checkAndUnlockAchievements
FNDA:0,(anonymous_1)
DA:8,1
DA:11,1
DA:12,1
DA:13,0
DA:14,0
DA:16,1
DA:19,1
DA:20,1
DA:26,1
DA:27,1
DA:30,1
DA:31,1
DA:36,1
DA:38,2
DA:39,2
DA:40,2
DA:41,2
DA:44,2
DA:45,2
DA:47,2
DA:48,2
DA:50,0
DA:51,0
DA:53,0
DA:54,0
DA:56,0
DA:57,0
DA:59,0
DA:60,0
DA:62,0
DA:63,0
DA:65,0
DA:68,2
DA:69,2
DA:70,2
DA:72,2
DA:73,1
DA:78,1
DA:81,1
DA:92,1
DA:100,1
DA:102,0
LF:42
LH:28
BRDA:12,0,0,0
BRDA:12,0,1,1
BRDA:38,1,0,0
BRDA:38,1,1,2
BRDA:39,2,0,2
BRDA:39,2,1,0
BRDA:45,3,0,2
BRDA:45,3,1,0
BRDA:45,3,2,0
BRDA:45,3,3,0
BRDA:45,3,4,0
BRDA:45,3,5,0
BRDA:45,3,6,0
BRDA:72,4,0,1
BRDA:72,4,1,1
BRDA:85,5,0,1
BRDA:85,5,1,0
BRDA:86,6,0,1
BRDA:86,6,1,0
BRDA:87,7,0,1
BRDA:87,7,1,1
BRDA:88,8,0,1
BRDA:88,8,1,1
BRDA:93,9,0,1
BRDA:93,9,1,0
BRDA:94,10,0,1
BRDA:94,10,1,0
BRF:27
BRH:14
end_of_record
TN:
SF:utils\userStatsSync.js
FN:11,SyncUserStats
FN:19,SyncUser
FN:50,SyncTaskHistory
FN:60,(anonymous_3)
FN:63,(anonymous_4)
FN:66,(anonymous_5)
FN:69,(anonymous_6)
FN:74,(anonymous_7)
FN:75,(anonymous_8)
FN:81,(anonymous_9)
FN:84,(anonymous_10)
FN:101,(anonymous_11)
FN:155,checkCardNumber
FN:161,(anonymous_13)
FN:162,(anonymous_14)
FN:176,checkTaskNumber
FN:185,(anonymous_16)
FN:192,(anonymous_17)
FN:193,(anonymous_18)
FN:208,addDeletedTasksNum
FN:215,addEditedTasksNum
FN:222,checkGameStats
FN:242,checkIfGodAchievementUnlocked
FN:262,(anonymous_23)
FN:279,toSeconds
FN:282,toTimeStr
FN:288,getMinDuration
FN:290,(anonymous_27)
FN:294,getMaxDuration
FN:296,(anonymous_29)
FNF:30
FNH:9
FNDA:0,SyncUserStats
FNDA:0,SyncUser
FNDA:0,SyncTaskHistory
FNDA:0,(anonymous_3)
FNDA:0,(anonymous_4)
FNDA:0,(anonymous_5)
FNDA:0,(anonymous_6)
FNDA:0,(anonymous_7)
FNDA:0,(anonymous_8)
FNDA:0,(anonymous_9)
FNDA:0,(anonymous_10)
FNDA:0,(anonymous_11)
FNDA:5,checkCardNumber
FNDA:17,(anonymous_13)
FNDA:17,(anonymous_14)
FNDA:1,checkTaskNumber
FNDA:0,(anonymous_16)
FNDA:1,(anonymous_17)
FNDA:0,(anonymous_18)
FNDA:1,addDeletedTasksNum
FNDA:0,addEditedTasksNum
FNDA:0,checkGameStats
FNDA:1,checkIfGodAchievementUnlocked
FNDA:1,(anonymous_23)
FNDA:0,toSeconds
FNDA:2,toTimeStr
FNDA:0,getMinDuration
FNDA:0,(anonymous_27)
FNDA:0,getMaxDuration
FNDA:0,(anonymous_29)
DA:12,0
DA:13,0
DA:14,0
DA:15,0
DA:16,0
DA:20,0
DA:23,0
DA:24,0
DA:25,0
DA:26,0
DA:27,0
DA:28,0
DA:30,0
DA:32,0
DA:34,0
DA:35,0
DA:46,0
DA:51,0
DA:53,0
DA:54,0
DA:55,0
DA:56,0
DA:59,0
DA:60,0
DA:62,0
DA:63,0
DA:65,0
DA:66,0
DA:68,0
DA:69,0
DA:73,0
DA:74,0
DA:75,0
DA:76,0
DA:77,0
DA:80,0
DA:81,0
DA:83,0
DA:84,0
DA:86,0
DA:87,0
DA:88,0
DA:89,0
DA:93,0
DA:100,0
DA:101,0
DA:105,0
DA:106,0
DA:107,0
DA:108,0
DA:109,0
DA:110,0
DA:111,0
DA:113,0
DA:118,0
DA:119,0
DA:120,0
DA:121,0
DA:122,0
DA:123,0
DA:124,0
DA:126,0
DA:131,0
DA:151,0
DA:156,5
DA:157,5
DA:158,0
DA:159,0
DA:161,17
DA:162,17
DA:165,5
DA:177,1
DA:178,1
DA:179,0
DA:180,0
DA:184,1
DA:185,0
DA:188,1
DA:189,1
DA:192,1
DA:193,1
DA:194,0
DA:195,0
DA:198,1
DA:209,1
DA:216,0
DA:223,0
DA:224,0
DA:225,0
DA:226,0
DA:227,0
DA:229,0
DA:230,0
DA:231,0
DA:232,0
DA:234,0
DA:235,0
DA:239,0
DA:244,1
DA:245,1
DA:247,1
DA:251,1
DA:253,1
DA:254,1
DA:256,1
DA:260,1
DA:261,1
DA:262,1
DA:264,1
DA:269,0
DA:274,0
DA:280,0
DA:283,2
DA:289,0
DA:290,0
DA:295,0
DA:296,0
LF:117
LH:26
BRDA:26,0,0,0
BRDA:26,0,1,0
BRDA:54,1,0,0
BRDA:54,1,1,0
BRDA:63,2,0,0
BRDA:63,2,1,0
BRDA:66,3,0,0
BRDA:66,3,1,0
BRDA:81,4,0,0
BRDA:81,4,1,0
BRDA:84,5,0,0
BRDA:84,5,1,0
BRDA:109,6,0,0
BRDA:109,6,1,0
BRDA:122,7,0,0
BRDA:122,7,1,0
BRDA:140,8,0,0
BRDA:140,8,1,0
BRDA:142,9,0,0
BRDA:142,9,1,0
BRDA:143,10,0,0
BRDA:143,10,1,0
BRDA:144,11,0,0
BRDA:144,11,1,0
BRDA:157,12,0,0
BRDA:157,12,1,5
BRDA:178,13,0,0
BRDA:178,13,1,1
BRDA:194,14,0,0
BRDA:194,14,1,0
BRDA:195,15,0,0
BRDA:195,15,1,0
BRDA:225,16,0,0
BRDA:225,16,1,0
BRDA:230,17,0,0
BRDA:230,17,1,0
BRDA:230,18,0,0
BRDA:230,18,1,0
BRDA:264,19,0,0
BRDA:264,19,1,1
BRDA:265,20,0,1
BRDA:265,20,1,0
BRDA:265,20,2,0
BRDA:290,21,0,0
BRDA:290,21,1,0
BRDA:290,22,0,0
BRDA:290,22,1,0
BRDA:296,23,0,0
BRDA:296,23,1,0
BRDA:296,24,0,0
BRDA:296,24,1,0
BRF:51
BRH:4
end_of_record
