TN:
SF:__tests__\setup.js
FN:11,(anonymous_0)
FN:24,(anonymous_1)
FN:34,(anonymous_2)
FN:41,(anonymous_3)
FNF:4
FNH:3
FNDA:6,(anonymous_0)
FNDA:33,(anonymous_1)
FNDA:6,(anonymous_2)
FNDA:0,(anonymous_3)
DA:6,6
DA:11,6
DA:12,6
DA:13,6
DA:15,6
DA:20,6
DA:24,6
DA:25,33
DA:27,33
DA:28,270
DA:29,270
DA:34,6
DA:35,6
DA:36,6
DA:37,6
DA:41,6
DA:42,0
DA:43,0
LF:18
LH:16
BRDA:45,0,0,0
BRDA:45,0,1,0
BRF:2
BRH:0
end_of_record
TN:
SF:controllers\cardController.js
FN:13,(anonymous_0)
FN:24,(anonymous_1)
FN:28,(anonymous_2)
FN:47,(anonymous_3)
FN:48,(anonymous_4)
FN:53,(anonymous_5)
FN:68,(anonymous_6)
FN:81,(anonymous_7)
FN:120,(anonymous_8)
FN:121,(anonymous_9)
FN:126,(anonymous_10)
FN:141,(anonymous_11)
FN:154,(anonymous_12)
FN:173,(anonymous_13)
FN:194,(anonymous_14)
FN:220,(anonymous_15)
FN:224,(anonymous_16)
FN:239,(anonymous_17)
FN:251,(anonymous_18)
FN:265,(anonymous_19)
FN:287,(anonymous_20)
FN:299,(anonymous_21)
FN:314,(anonymous_22)
FN:349,(anonymous_23)
FN:386,(anonymous_24)
FN:469,(anonymous_25)
FN:490,(anonymous_26)
FN:497,(anonymous_27)
FN:509,(anonymous_28)
FN:557,(anonymous_29)
FN:591,(anonymous_30)
FNF:31
FNH:14
FNDA:3,(anonymous_0)
FNDA:3,(anonymous_1)
FNDA:3,(anonymous_2)
FNDA:0,(anonymous_3)
FNDA:0,(anonymous_4)
FNDA:0,(anonymous_5)
FNDA:6,(anonymous_6)
FNDA:6,(anonymous_7)
FNDA:0,(anonymous_8)
FNDA:0,(anonymous_9)
FNDA:0,(anonymous_10)
FNDA:3,(anonymous_11)
FNDA:3,(anonymous_12)
FNDA:12,(anonymous_13)
FNDA:2,(anonymous_14)
FNDA:0,(anonymous_15)
FNDA:0,(anonymous_16)
FNDA:3,(anonymous_17)
FNDA:3,(anonymous_18)
FNDA:2,(anonymous_19)
FNDA:3,(anonymous_20)
FNDA:3,(anonymous_21)
FNDA:0,(anonymous_22)
FNDA:0,(anonymous_23)
FNDA:0,(anonymous_24)
FNDA:0,(anonymous_25)
FNDA:0,(anonymous_26)
FNDA:0,(anonymous_27)
FNDA:0,(anonymous_28)
FNDA:0,(anonymous_29)
FNDA:0,(anonymous_30)
DA:13,1
DA:14,3
DA:17,3
DA:20,3
DA:23,3
DA:24,3
DA:27,3
DA:28,3
DA:32,3
DA:33,3
DA:39,3
DA:40,2
DA:43,2
DA:46,0
DA:47,0
DA:48,0
DA:50,0
DA:52,0
DA:53,0
DA:57,0
DA:62,0
DA:67,2
DA:69,6
DA:81,6
DA:82,2
DA:83,2
DA:85,2
DA:89,3
DA:90,3
DA:91,3
DA:94,3
DA:105,3
DA:113,3
DA:114,1
DA:117,1
DA:119,0
DA:120,0
DA:121,0
DA:123,0
DA:125,0
DA:126,0
DA:130,0
DA:135,0
DA:140,1
DA:142,3
DA:154,3
DA:157,1
DA:158,0
DA:160,1
DA:162,1
DA:166,3
DA:169,3
DA:172,3
DA:174,12
DA:179,3
DA:180,0
DA:181,0
DA:184,3
DA:194,1
DA:195,2
DA:196,2
DA:199,2
DA:200,2
DA:204,2
DA:205,1
DA:206,1
DA:210,1
DA:211,0
DA:213,0
DA:219,0
DA:220,0
DA:223,0
DA:224,0
DA:228,0
DA:233,0
DA:238,1
DA:240,3
DA:251,3
DA:252,1
DA:253,1
DA:254,1
DA:256,1
DA:265,1
DA:266,2
DA:268,2
DA:269,2
DA:270,2
DA:271,1
DA:272,1
DA:277,1
DA:278,1
DA:279,1
DA:280,1
DA:281,1
DA:282,0
DA:283,0
DA:286,1
DA:288,3
DA:299,3
DA:300,1
DA:303,1
DA:305,1
DA:314,1
DA:315,0
DA:317,0
DA:318,0
DA:319,0
DA:325,0
DA:336,0
DA:340,0
DA:349,1
DA:350,0
DA:353,0
DA:354,0
DA:355,0
DA:363,0
DA:372,0
DA:377,0
DA:386,1
DA:387,0
DA:388,0
DA:392,0
DA:394,0
DA:400,0
DA:401,0
DA:402,0
DA:405,0
DA:406,0
DA:407,0
DA:411,0
DA:415,0
DA:416,0
DA:422,0
DA:429,0
DA:430,0
DA:431,0
DA:436,0
DA:437,0
DA:438,0
DA:440,0
DA:441,0
DA:445,0
DA:451,0
DA:452,0
DA:458,0
DA:469,1
DA:470,0
DA:472,0
DA:473,0
DA:476,0
DA:477,0
DA:478,0
DA:481,0
DA:483,0
DA:485,0
DA:486,0
DA:489,0
DA:490,0
DA:491,0
DA:493,0
DA:494,0
DA:497,0
DA:499,0
DA:500,0
DA:501,0
DA:502,0
DA:507,0
DA:508,0
DA:509,0
DA:510,0
DA:511,0
DA:515,0
DA:516,0
DA:519,0
DA:526,0
DA:529,0
DA:530,0
DA:534,0
DA:546,0
DA:547,0
DA:548,0
DA:553,0
DA:557,1
DA:558,0
DA:559,0
DA:562,0
DA:563,0
DA:567,0
DA:570,0
DA:571,0
DA:575,0
DA:576,0
DA:581,0
DA:583,0
DA:584,0
DA:591,1
DA:592,0
DA:595,0
DA:596,0
DA:600,0
DA:603,0
DA:604,0
DA:608,0
DA:609,0
DA:613,0
DA:616,0
DA:620,0
LF:207
LH:79
BRDA:24,0,0,3
BRDA:24,0,1,3
BRDA:24,0,2,3
BRDA:28,1,0,3
BRDA:28,1,1,3
BRDA:28,1,2,0
BRDA:33,2,0,1
BRDA:33,2,1,2
BRDA:39,3,0,2
BRDA:39,3,1,1
BRDA:39,4,0,3
BRDA:39,4,1,2
BRDA:39,4,2,2
BRDA:39,4,3,0
BRDA:43,5,0,0
BRDA:43,5,1,2
BRDA:43,6,0,2
BRDA:43,6,1,0
BRDA:47,7,0,0
BRDA:47,7,1,0
BRDA:50,8,0,0
BRDA:50,8,1,0
BRDA:94,9,0,0
BRDA:94,9,1,3
BRDA:105,10,0,3
BRDA:105,10,1,1
BRDA:105,10,2,0
BRDA:105,10,3,1
BRDA:105,10,4,0
BRDA:105,10,5,0
BRDA:105,10,6,1
BRDA:113,11,0,1
BRDA:113,11,1,2
BRDA:117,12,0,0
BRDA:117,12,1,1
BRDA:117,13,0,1
BRDA:117,13,1,0
BRDA:120,14,0,0
BRDA:120,14,1,0
BRDA:123,15,0,0
BRDA:123,15,1,0
BRDA:157,16,0,0
BRDA:157,16,1,1
BRDA:174,17,0,12
BRDA:174,17,1,0
BRDA:174,17,2,0
BRDA:186,18,0,3
BRDA:186,18,1,0
BRDA:200,19,0,1
BRDA:200,19,1,1
BRDA:204,20,0,1
BRDA:204,20,1,1
BRDA:204,21,0,2
BRDA:204,21,1,1
BRDA:210,22,0,0
BRDA:210,22,1,1
BRDA:219,23,0,0
BRDA:219,23,1,0
BRDA:270,24,0,1
BRDA:270,24,1,1
BRDA:277,25,0,1
BRDA:277,25,1,1
BRDA:281,26,0,0
BRDA:281,26,1,1
BRDA:317,27,0,0
BRDA:317,27,1,0
BRDA:350,28,0,0
BRDA:350,29,0,0
BRDA:350,30,0,0
BRDA:353,31,0,0
BRDA:353,31,1,0
BRDA:374,32,0,0
BRDA:374,32,1,0
BRDA:378,33,0,0
BRDA:378,33,1,0
BRDA:392,34,0,0
BRDA:392,34,1,0
BRDA:400,35,0,0
BRDA:400,35,1,0
BRDA:405,36,0,0
BRDA:405,36,1,0
BRDA:405,37,0,0
BRDA:405,37,1,0
BRDA:411,38,0,0
BRDA:411,38,1,0
BRDA:412,39,0,0
BRDA:412,39,1,0
BRDA:429,40,0,0
BRDA:429,40,1,0
BRDA:436,41,0,0
BRDA:436,41,1,0
BRDA:446,42,0,0
BRDA:446,42,1,0
BRDA:447,43,0,0
BRDA:447,43,1,0
BRDA:451,44,0,0
BRDA:451,44,1,0
BRDA:476,45,0,0
BRDA:476,45,1,0
BRDA:476,46,0,0
BRDA:476,46,1,0
BRDA:499,47,0,0
BRDA:499,47,1,0
BRDA:510,48,0,0
BRDA:510,48,1,0
BRDA:521,49,0,0
BRDA:521,49,1,0
BRDA:522,50,0,0
BRDA:522,50,1,0
BRDA:529,51,0,0
BRDA:529,51,1,0
BRDA:547,52,0,0
BRDA:547,52,1,0
BRDA:548,53,0,0
BRDA:548,53,1,0
BRDA:562,54,0,0
BRDA:562,54,1,0
BRDA:570,55,0,0
BRDA:570,55,1,0
BRDA:575,56,0,0
BRDA:575,56,1,0
BRDA:595,57,0,0
BRDA:595,57,1,0
BRDA:603,58,0,0
BRDA:603,58,1,0
BRDA:608,59,0,0
BRDA:608,59,1,0
BRF:127
BRH:38
end_of_record
TN:
SF:controllers\characterController.js
FN:6,(anonymous_0)
FN:51,(anonymous_1)
FN:78,(anonymous_2)
FN:92,(anonymous_3)
FN:96,(anonymous_4)
FN:103,(anonymous_5)
FN:121,(anonymous_6)
FN:168,(anonymous_7)
FN:200,(anonymous_8)
FN:218,(anonymous_9)
FN:235,(anonymous_10)
FN:265,(anonymous_11)
FNF:12
FNH:4
FNDA:2,(anonymous_0)
FNDA:0,(anonymous_1)
FNDA:0,(anonymous_2)
FNDA:1,(anonymous_3)
FNDA:2,(anonymous_4)
FNDA:0,(anonymous_5)
FNDA:2,(anonymous_6)
FNDA:0,(anonymous_7)
FNDA:0,(anonymous_8)
FNDA:0,(anonymous_9)
FNDA:0,(anonymous_10)
FNDA:0,(anonymous_11)
DA:6,1
DA:7,2
DA:8,2
DA:9,2
DA:11,2
DA:12,1
DA:16,1
DA:20,1
DA:21,0
DA:25,1
DA:26,1
DA:27,1
DA:40,1
DA:43,1
DA:44,1
DA:47,1
DA:51,0
DA:55,1
DA:61,1
DA:64,1
DA:65,1
DA:70,1
DA:78,0
DA:86,0
DA:87,0
DA:92,1
DA:93,1
DA:94,1
DA:96,2
DA:103,0
DA:111,1
DA:115,0
DA:116,0
DA:121,1
DA:122,2
DA:123,2
DA:126,2
DA:133,2
DA:136,2
DA:137,1
DA:138,1
DA:145,1
DA:153,1
DA:157,1
DA:168,0
DA:184,0
DA:185,0
DA:189,1
DA:200,1
DA:201,0
DA:202,0
DA:203,0
DA:206,0
DA:207,0
DA:211,0
DA:212,0
DA:213,0
DA:217,0
DA:218,0
DA:221,0
DA:222,0
DA:225,0
DA:226,0
DA:230,0
DA:231,0
DA:235,0
DA:236,0
DA:238,0
DA:241,0
DA:246,0
DA:249,0
DA:252,0
DA:259,0
DA:260,0
DA:265,1
DA:266,0
DA:267,0
DA:270,0
DA:271,0
DA:272,0
DA:275,0
DA:281,0
DA:282,0
LF:83
LH:39
BRDA:11,0,0,1
BRDA:11,0,1,1
BRDA:20,1,0,0
BRDA:20,1,1,1
BRDA:26,2,0,1
BRDA:26,2,1,0
BRDA:47,3,0,0
BRDA:47,3,1,1
BRDA:48,4,0,1
BRDA:48,4,1,1
BRDA:136,5,0,1
BRDA:136,5,1,1
BRDA:136,6,0,2
BRDA:136,6,1,1
BRDA:136,6,2,1
BRDA:153,7,0,0
BRDA:153,7,1,1
BRDA:153,8,0,1
BRDA:153,8,1,1
BRDA:159,9,0,1
BRDA:159,9,1,0
BRDA:177,10,0,0
BRDA:177,10,1,0
BRDA:178,11,0,0
BRDA:178,11,1,0
BRDA:206,12,0,0
BRDA:206,12,1,0
BRDA:206,13,0,0
BRDA:206,13,1,0
BRDA:212,14,0,0
BRDA:212,14,1,0
BRDA:221,15,0,0
BRDA:221,15,1,0
BRDA:225,16,0,0
BRDA:225,16,1,0
BRDA:230,17,0,0
BRDA:230,17,1,0
BRDA:236,18,0,0
BRDA:236,18,1,0
BRDA:236,19,0,0
BRDA:236,19,1,0
BRDA:238,20,0,0
BRDA:238,20,1,0
BRDA:271,21,0,0
BRDA:271,21,1,0
BRDA:276,22,0,0
BRDA:276,22,1,0
BRDA:277,23,0,0
BRDA:277,23,1,0
BRF:49
BRH:16
end_of_record
TN:
SF:controllers\dungeonController.js
FN:9,validateUserStats
FN:47,(anonymous_1)
FN:149,(anonymous_2)
FN:259,(anonymous_3)
FN:268,(anonymous_4)
FN:540,(anonymous_5)
FN:583,(anonymous_6)
FN:629,(anonymous_7)
FN:696,(anonymous_8)
FN:753,(anonymous_9)
FN:792,(anonymous_10)
FN:833,(anonymous_11)
FN:963,(anonymous_12)
FN:1061,(anonymous_13)
FNF:14
FNH:2
FNDA:0,validateUserStats
FNDA:2,(anonymous_1)
FNDA:0,(anonymous_2)
FNDA:0,(anonymous_3)
FNDA:0,(anonymous_4)
FNDA:0,(anonymous_5)
FNDA:0,(anonymous_6)
FNDA:1,(anonymous_7)
FNDA:0,(anonymous_8)
FNDA:0,(anonymous_9)
FNDA:0,(anonymous_10)
FNDA:0,(anonymous_11)
FNDA:0,(anonymous_12)
FNDA:0,(anonymous_13)
DA:11,0
DA:12,0
DA:13,0
DA:14,0
DA:15,0
DA:21,0
DA:22,0
DA:23,0
DA:26,0
DA:29,0
DA:30,0
DA:33,0
DA:38,0
DA:39,0
DA:40,0
DA:41,0
DA:43,0
DA:47,1
DA:48,2
DA:49,2
DA:52,2
DA:55,2
DA:56,1
DA:63,1
DA:69,1
DA:72,1
DA:76,1
DA:77,0
DA:81,1
DA:86,0
DA:93,1
DA:96,1
DA:110,1
DA:111,1
DA:112,1
DA:113,1
DA:114,1
DA:116,1
DA:143,0
DA:144,0
DA:149,1
DA:150,0
DA:151,0
DA:152,0
DA:153,0
DA:155,0
DA:158,0
DA:167,0
DA:170,0
DA:171,0
DA:178,0
DA:179,0
DA:186,0
DA:187,0
DA:195,0
DA:197,0
DA:198,0
DA:201,0
DA:203,0
DA:205,0
DA:206,0
DA:207,0
DA:212,0
DA:214,0
DA:215,0
DA:216,0
DA:217,0
DA:222,0
DA:223,0
DA:226,0
DA:228,0
DA:229,0
DA:231,0
DA:232,0
DA:233,0
DA:234,0
DA:237,0
DA:242,0
DA:247,0
DA:248,0
DA:249,0
DA:252,0
DA:259,0
DA:260,0
DA:262,0
DA:263,0
DA:265,0
DA:266,0
DA:268,0
DA:272,0
DA:273,0
DA:274,0
DA:275,0
DA:277,0
DA:284,0
DA:290,0
DA:291,0
DA:292,0
DA:295,0
DA:296,0
DA:297,0
DA:298,0
DA:299,0
DA:300,0
DA:301,0
DA:302,0
DA:304,0
DA:307,0
DA:308,0
DA:310,0
DA:316,0
DA:317,0
DA:319,0
DA:322,0
DA:324,0
DA:325,0
DA:327,0
DA:331,0
DA:339,0
DA:340,0
DA:346,0
DA:347,0
DA:350,0
DA:351,0
DA:352,0
DA:353,0
DA:354,0
DA:355,0
DA:358,0
DA:359,0
DA:361,0
DA:391,0
DA:392,0
DA:393,0
DA:394,0
DA:420,0
DA:423,0
DA:427,0
DA:428,0
DA:429,0
DA:436,0
DA:437,0
DA:440,0
DA:441,0
DA:446,0
DA:450,0
DA:454,0
DA:455,0
DA:457,0
DA:458,0
DA:459,0
DA:468,0
DA:469,0
DA:470,0
DA:471,0
DA:475,0
DA:478,0
DA:479,0
DA:483,0
DA:484,0
DA:485,0
DA:488,0
DA:490,0
DA:491,0
DA:493,0
DA:494,0
DA:495,0
DA:496,0
DA:498,0
DA:499,0
DA:500,0
DA:501,0
DA:506,0
DA:511,0
DA:514,0
DA:515,0
DA:517,0
DA:518,0
DA:521,0
DA:539,0
DA:540,0
DA:542,0
DA:543,0
DA:546,0
DA:547,0
DA:548,0
DA:549,0
DA:555,0
DA:556,0
DA:558,0
DA:559,0
DA:564,0
DA:574,0
DA:575,0
DA:576,0
DA:583,1
DA:584,0
DA:585,0
DA:586,0
DA:590,0
DA:591,0
DA:594,0
DA:595,0
DA:596,0
DA:598,0
DA:599,0
DA:600,0
DA:601,0
DA:604,0
DA:605,0
DA:607,0
DA:608,0
DA:609,0
DA:611,0
DA:612,0
DA:613,0
DA:616,0
DA:617,0
DA:624,0
DA:625,0
DA:629,1
DA:630,1
DA:631,1
DA:632,1
DA:634,1
DA:635,0
DA:639,1
DA:640,1
DA:643,1
DA:644,1
DA:645,1
DA:648,1
DA:649,0
DA:650,0
DA:651,0
DA:655,1
DA:656,1
DA:665,1
DA:666,1
DA:669,1
DA:670,1
DA:671,1
DA:673,0
DA:677,1
DA:690,0
DA:691,0
DA:696,1
DA:697,0
DA:698,0
DA:699,0
DA:701,0
DA:702,0
DA:703,0
DA:707,0
DA:709,0
DA:710,0
DA:711,0
DA:715,0
DA:716,0
DA:720,0
DA:729,0
DA:731,0
DA:736,0
DA:739,0
DA:746,0
DA:748,0
DA:749,0
DA:753,1
DA:754,0
DA:755,0
DA:757,0
DA:758,0
DA:759,0
DA:765,0
DA:766,0
DA:769,0
DA:770,0
DA:771,0
DA:774,0
DA:777,0
DA:779,0
DA:783,0
DA:785,0
DA:786,0
DA:792,1
DA:793,0
DA:794,0
DA:797,0
DA:801,0
DA:802,0
DA:806,0
DA:812,0
DA:815,0
DA:816,0
DA:818,0
DA:819,0
DA:820,0
DA:821,0
DA:825,0
DA:829,0
DA:830,0
DA:833,0
DA:834,0
DA:835,0
DA:838,0
DA:839,0
DA:842,0
DA:843,0
DA:846,0
DA:847,0
DA:848,0
DA:849,0
DA:850,0
DA:851,0
DA:853,0
DA:883,0
DA:884,0
DA:885,0
DA:912,0
DA:913,0
DA:919,0
DA:922,0
DA:923,0
DA:924,0
DA:928,0
DA:929,0
DA:934,0
DA:937,0
DA:938,0
DA:939,0
DA:943,0
DA:955,0
DA:956,0
DA:963,1
DA:964,0
DA:965,0
DA:966,0
DA:969,0
DA:970,0
DA:971,0
DA:975,0
DA:980,0
DA:982,0
DA:984,0
DA:989,0
DA:992,0
DA:994,0
DA:997,0
DA:998,0
DA:1001,0
DA:1002,0
DA:1004,0
DA:1010,0
DA:1012,0
DA:1014,0
DA:1017,0
DA:1018,0
DA:1026,0
DA:1028,0
DA:1029,0
DA:1036,0
DA:1040,0
DA:1053,0
DA:1054,0
DA:1061,1
DA:1062,0
DA:1063,0
DA:1064,0
DA:1066,0
DA:1067,0
DA:1070,0
DA:1071,0
DA:1072,0
DA:1075,0
DA:1083,0
DA:1089,0
DA:1090,0
DA:1091,0
DA:1093,0
DA:1094,0
DA:1095,0
DA:1097,0
DA:1100,0
DA:1103,0
DA:1105,0
DA:1108,0
DA:1109,0
DA:1110,0
DA:1113,0
DA:1114,0
DA:1115,0
DA:1121,0
DA:1122,0
DA:1125,0
DA:1128,0
DA:1129,0
DA:1131,0
DA:1135,0
DA:1136,0
DA:1137,0
DA:1141,0
DA:1142,0
DA:1143,0
DA:1147,0
DA:1148,0
DA:1149,0
DA:1152,0
DA:1155,0
DA:1156,0
DA:1157,0
DA:1159,0
DA:1160,0
DA:1161,0
DA:1162,0
DA:1167,0
DA:1176,0
DA:1177,0
DA:1178,0
DA:1180,0
DA:1181,0
DA:1188,0
DA:1196,0
DA:1214,0
DA:1216,0
DA:1225,0
DA:1226,0
DA:1231,0
LF:427
LH:45
BRDA:11,0,0,0
BRDA:11,0,1,0
BRDA:13,1,0,0
BRDA:13,1,1,0
BRDA:21,2,0,0
BRDA:21,2,1,0
BRDA:22,3,0,0
BRDA:22,3,1,0
BRDA:29,4,0,0
BRDA:29,4,1,0
BRDA:38,5,0,0
BRDA:38,5,1,0
BRDA:39,6,0,0
BRDA:39,6,1,0
BRDA:40,7,0,0
BRDA:40,7,1,0
BRDA:41,8,0,0
BRDA:41,8,1,0
BRDA:55,9,0,1
BRDA:55,9,1,1
BRDA:64,10,0,1
BRDA:64,10,1,1
BRDA:65,11,0,1
BRDA:65,11,1,1
BRDA:69,12,0,1
BRDA:69,12,1,0
BRDA:76,13,0,0
BRDA:76,13,1,1
BRDA:81,14,0,0
BRDA:81,14,1,1
BRDA:82,15,0,1
BRDA:82,15,1,1
BRDA:82,15,2,1
BRDA:93,16,0,1
BRDA:93,16,1,1
BRDA:114,17,0,1
BRDA:114,17,1,1
BRDA:133,18,0,1
BRDA:133,18,1,1
BRDA:134,19,0,1
BRDA:134,19,1,1
BRDA:135,20,0,1
BRDA:135,20,1,1
BRDA:140,21,0,1
BRDA:140,21,1,1
BRDA:152,22,0,0
BRDA:152,22,1,0
BRDA:170,23,0,0
BRDA:170,23,1,0
BRDA:172,24,0,0
BRDA:172,24,1,0
BRDA:173,25,0,0
BRDA:173,25,1,0
BRDA:174,26,0,0
BRDA:174,26,1,0
BRDA:178,27,0,0
BRDA:178,27,1,0
BRDA:178,28,0,0
BRDA:178,28,1,0
BRDA:186,29,0,0
BRDA:186,29,1,0
BRDA:188,30,0,0
BRDA:188,30,1,0
BRDA:197,31,0,0
BRDA:197,31,1,0
BRDA:203,32,0,0
BRDA:203,32,1,0
BRDA:228,33,0,0
BRDA:228,33,1,0
BRDA:228,34,0,0
BRDA:228,34,1,0
BRDA:247,35,0,0
BRDA:247,35,1,0
BRDA:254,36,0,0
BRDA:254,36,1,0
BRDA:262,37,0,0
BRDA:262,37,1,0
BRDA:265,38,0,0
BRDA:265,38,1,0
BRDA:265,39,0,0
BRDA:265,39,1,0
BRDA:291,40,0,0
BRDA:291,40,1,0
BRDA:295,41,0,0
BRDA:295,41,1,0
BRDA:295,42,0,0
BRDA:295,42,1,0
BRDA:298,43,0,0
BRDA:298,43,1,0
BRDA:304,44,0,0
BRDA:304,44,1,0
BRDA:307,45,0,0
BRDA:307,45,1,0
BRDA:307,46,0,0
BRDA:307,46,1,0
BRDA:316,47,0,0
BRDA:316,47,1,0
BRDA:318,48,0,0
BRDA:318,48,1,0
BRDA:334,49,0,0
BRDA:334,49,1,0
BRDA:334,49,2,0
BRDA:340,50,0,0
BRDA:340,50,1,0
BRDA:350,51,0,0
BRDA:350,51,1,0
BRDA:353,52,0,0
BRDA:353,52,1,0
BRDA:354,53,0,0
BRDA:354,53,1,0
BRDA:356,54,0,0
BRDA:356,54,1,0
BRDA:391,55,0,0
BRDA:391,55,1,0
BRDA:392,56,0,0
BRDA:392,56,1,0
BRDA:423,57,0,0
BRDA:423,57,1,0
BRDA:423,58,0,0
BRDA:423,58,1,0
BRDA:432,59,0,0
BRDA:432,59,1,0
BRDA:436,60,0,0
BRDA:436,60,1,0
BRDA:454,61,0,0
BRDA:454,61,1,0
BRDA:475,62,0,0
BRDA:475,62,1,0
BRDA:478,63,0,0
BRDA:478,63,1,0
BRDA:484,64,0,0
BRDA:484,64,1,0
BRDA:488,65,0,0
BRDA:488,65,1,0
BRDA:490,66,0,0
BRDA:490,66,1,0
BRDA:494,67,0,0
BRDA:494,67,1,0
BRDA:498,68,0,0
BRDA:498,68,1,0
BRDA:502,69,0,0
BRDA:502,69,1,0
BRDA:542,70,0,0
BRDA:542,70,1,0
BRDA:547,71,0,0
BRDA:547,71,1,0
BRDA:571,72,0,0
BRDA:571,72,1,0
BRDA:590,73,0,0
BRDA:590,73,1,0
BRDA:594,74,0,0
BRDA:594,74,1,0
BRDA:611,75,0,0
BRDA:611,75,1,0
BRDA:613,76,0,0
BRDA:613,76,1,0
BRDA:618,77,0,0
BRDA:618,77,1,0
BRDA:634,78,0,0
BRDA:634,78,1,1
BRDA:639,79,0,1
BRDA:639,79,1,0
BRDA:643,80,0,1
BRDA:643,80,1,0
BRDA:648,81,0,0
BRDA:648,81,1,1
BRDA:650,82,0,0
BRDA:650,82,1,0
BRDA:655,83,0,1
BRDA:655,83,1,0
BRDA:655,84,0,1
BRDA:655,84,1,1
BRDA:658,85,0,1
BRDA:658,85,1,0
BRDA:678,86,0,1
BRDA:678,86,1,0
BRDA:686,87,0,1
BRDA:686,87,1,0
BRDA:687,88,0,1
BRDA:687,88,1,0
BRDA:702,89,0,0
BRDA:702,89,1,0
BRDA:702,90,0,0
BRDA:702,90,1,0
BRDA:707,91,0,0
BRDA:707,91,1,0
BRDA:707,92,0,0
BRDA:707,92,1,0
BRDA:710,93,0,0
BRDA:710,93,1,0
BRDA:715,94,0,0
BRDA:715,94,1,0
BRDA:715,95,0,0
BRDA:715,95,1,0
BRDA:736,96,0,0
BRDA:736,96,1,0
BRDA:758,97,0,0
BRDA:758,97,1,0
BRDA:758,98,0,0
BRDA:758,98,1,0
BRDA:769,99,0,0
BRDA:769,99,1,0
BRDA:777,100,0,0
BRDA:777,100,1,0
BRDA:801,101,0,0
BRDA:801,101,1,0
BRDA:801,102,0,0
BRDA:801,102,1,0
BRDA:807,103,0,0
BRDA:807,103,1,0
BRDA:808,104,0,0
BRDA:808,104,1,0
BRDA:812,105,0,0
BRDA:812,105,1,0
BRDA:812,105,2,0
BRDA:818,106,0,0
BRDA:818,106,1,0
BRDA:818,107,0,0
BRDA:818,107,1,0
BRDA:829,108,0,0
BRDA:829,108,1,0
BRDA:834,109,0,0
BRDA:834,109,1,0
BRDA:839,110,0,0
BRDA:839,110,1,0
BRDA:846,111,0,0
BRDA:846,111,1,0
BRDA:848,112,0,0
BRDA:848,112,1,0
BRDA:849,113,0,0
BRDA:849,113,1,0
BRDA:883,114,0,0
BRDA:883,114,1,0
BRDA:913,115,0,0
BRDA:913,115,1,0
BRDA:919,116,0,0
BRDA:919,116,1,0
BRDA:922,117,0,0
BRDA:922,117,1,0
BRDA:928,118,0,0
BRDA:928,118,1,0
BRDA:938,119,0,0
BRDA:938,119,1,0
BRDA:950,120,0,0
BRDA:950,120,1,0
BRDA:970,121,0,0
BRDA:970,121,1,0
BRDA:970,122,0,0
BRDA:970,122,1,0
BRDA:976,123,0,0
BRDA:976,123,1,0
BRDA:977,124,0,0
BRDA:977,124,1,0
BRDA:982,125,0,0
BRDA:982,125,1,0
BRDA:992,126,0,0
BRDA:992,126,1,0
BRDA:1002,127,0,0
BRDA:1002,127,1,0
BRDA:1010,128,0,0
BRDA:1010,128,1,0
BRDA:1011,129,0,0
BRDA:1011,129,1,0
BRDA:1012,130,0,0
BRDA:1012,130,1,0
BRDA:1045,131,0,0
BRDA:1045,131,1,0
BRDA:1046,132,0,0
BRDA:1046,132,1,0
BRDA:1071,133,0,0
BRDA:1071,133,1,0
BRDA:1071,134,0,0
BRDA:1071,134,1,0
BRDA:1084,135,0,0
BRDA:1084,135,1,0
BRDA:1085,136,0,0
BRDA:1085,136,1,0
BRDA:1090,137,0,0
BRDA:1090,137,1,0
BRDA:1093,138,0,0
BRDA:1093,138,1,0
BRDA:1093,139,0,0
BRDA:1093,139,1,0
BRDA:1103,140,0,0
BRDA:1103,140,1,0
BRDA:1108,141,0,0
BRDA:1108,141,1,0
BRDA:1113,142,0,0
BRDA:1113,142,1,0
BRDA:1128,143,0,0
BRDA:1128,143,1,0
BRDA:1128,144,0,0
BRDA:1128,144,1,0
BRDA:1135,145,0,0
BRDA:1135,145,1,0
BRDA:1141,146,0,0
BRDA:1141,146,1,0
BRDA:1147,147,0,0
BRDA:1147,147,1,0
BRDA:1155,148,0,0
BRDA:1155,148,1,0
BRDA:1159,149,0,0
BRDA:1159,149,1,0
BRDA:1163,150,0,0
BRDA:1163,150,1,0
BRDA:1191,151,0,0
BRDA:1191,151,1,0
BRDA:1203,152,0,0
BRDA:1203,152,1,0
BRDA:1208,153,0,0
BRDA:1208,153,1,0
BRDA:1221,154,0,0
BRDA:1221,154,1,0
BRF:313
BRH:35
end_of_record
TN:
SF:controllers\shopController.js
FN:15,(anonymous_0)
FN:37,(anonymous_1)
FN:76,(anonymous_2)
FN:92,(anonymous_3)
FNF:4
FNH:4
FNDA:1,(anonymous_0)
FNDA:1,(anonymous_1)
FNDA:1,(anonymous_2)
FNDA:1,(anonymous_3)
DA:15,1
DA:16,1
DA:17,1
DA:18,1
DA:20,1
DA:25,1
DA:27,1
DA:32,0
DA:33,0
DA:37,1
DA:38,1
DA:39,1
DA:41,1
DA:42,1
DA:43,0
DA:46,1
DA:47,1
DA:48,0
DA:52,1
DA:53,1
DA:56,1
DA:57,1
DA:60,1
DA:66,1
DA:68,0
DA:69,0
DA:76,1
DA:77,1
DA:78,1
DA:79,1
DA:81,1
DA:82,0
DA:85,1
DA:87,0
DA:88,0
DA:92,1
DA:93,1
DA:94,1
DA:95,1
DA:97,1
DA:102,1
DA:103,0
DA:107,1
DA:108,1
DA:109,0
DA:112,1
DA:115,1
DA:118,1
DA:119,1
DA:122,0
DA:123,0
DA:127,1
DA:128,0
DA:129,0
DA:131,1
DA:134,1
DA:136,0
DA:137,0
LF:58
LH:41
BRDA:17,0,0,0
BRDA:17,1,0,0
BRDA:42,2,0,0
BRDA:42,2,1,1
BRDA:42,3,0,1
BRDA:42,3,1,1
BRDA:47,4,0,0
BRDA:47,4,1,1
BRDA:81,5,0,0
BRDA:81,5,1,1
BRDA:102,6,0,0
BRDA:102,6,1,1
BRDA:102,7,0,1
BRDA:102,7,1,1
BRDA:108,8,0,0
BRDA:108,8,1,1
BRDA:118,9,0,1
BRDA:118,9,1,0
BRDA:127,10,0,0
BRDA:127,10,1,1
BRF:20
BRH:11
end_of_record
TN:
SF:controllers\taskController.js
FN:12,(anonymous_0)
FN:25,(anonymous_1)
FN:134,(anonymous_2)
FN:158,(anonymous_3)
FN:223,(anonymous_4)
FN:355,(anonymous_5)
FN:385,(anonymous_6)
FN:396,(anonymous_7)
FN:412,(anonymous_8)
FN:471,(anonymous_9)
FNF:10
FNH:4
FNDA:1,(anonymous_0)
FNDA:1,(anonymous_1)
FNDA:1,(anonymous_2)
FNDA:0,(anonymous_3)
FNDA:0,(anonymous_4)
FNDA:1,(anonymous_5)
FNDA:0,(anonymous_6)
FNDA:0,(anonymous_7)
FNDA:0,(anonymous_8)
FNDA:0,(anonymous_9)
DA:12,1
DA:13,1
DA:14,1
DA:15,1
DA:17,0
DA:18,0
DA:25,1
DA:26,1
DA:28,1
DA:29,1
DA:30,0
DA:34,1
DA:35,0
DA:41,1
DA:42,1
DA:48,1
DA:49,0
DA:55,1
DA:59,0
DA:65,1
DA:66,0
DA:71,0
DA:77,0
DA:78,0
DA:79,0
DA:83,0
DA:84,0
DA:92,1
DA:93,1
DA:94,1
DA:95,1
DA:96,1
DA:100,1
DA:114,1
DA:115,1
DA:118,1
DA:119,1
DA:124,1
DA:126,0
DA:127,0
DA:134,1
DA:135,1
DA:136,1
DA:139,1
DA:140,0
DA:144,1
DA:145,0
DA:148,1
DA:150,0
DA:151,0
DA:158,1
DA:159,0
DA:160,0
DA:162,0
DA:163,0
DA:166,0
DA:167,0
DA:171,0
DA:172,0
DA:176,0
DA:182,0
DA:183,0
DA:184,0
DA:188,0
DA:189,0
DA:197,0
DA:198,0
DA:200,0
DA:201,0
DA:205,0
DA:206,0
DA:212,0
DA:213,0
DA:222,0
DA:223,0
DA:226,0
DA:238,0
DA:239,0
DA:240,0
DA:241,0
DA:242,0
DA:244,0
DA:245,0
DA:246,0
DA:249,0
DA:253,0
DA:254,0
DA:255,0
DA:256,0
DA:257,0
DA:258,0
DA:259,0
DA:260,0
DA:263,0
DA:264,0
DA:267,0
DA:268,0
DA:271,0
DA:272,0
DA:275,0
DA:277,0
DA:283,0
DA:289,0
DA:290,0
DA:291,0
DA:297,0
DA:298,0
DA:300,0
DA:301,0
DA:302,0
DA:304,0
DA:306,0
DA:311,0
DA:312,0
DA:314,0
DA:320,0
DA:322,0
DA:334,0
DA:337,0
DA:340,0
DA:347,0
DA:348,0
DA:355,1
DA:356,1
DA:357,1
DA:358,1
DA:359,1
DA:360,0
DA:363,1
DA:364,1
DA:367,1
DA:371,1
DA:372,1
DA:375,1
DA:377,0
DA:378,0
DA:385,1
DA:386,0
DA:387,0
DA:390,0
DA:396,1
DA:397,0
DA:398,0
DA:402,0
DA:404,0
DA:405,0
DA:412,1
DA:413,0
DA:414,0
DA:416,0
DA:417,0
DA:420,0
DA:421,0
DA:425,0
DA:427,0
DA:428,0
DA:431,0
DA:432,0
DA:435,0
DA:436,0
DA:437,0
DA:443,0
DA:450,0
DA:451,0
DA:456,0
DA:457,0
DA:459,0
DA:460,0
DA:461,0
DA:463,0
DA:464,0
DA:471,1
DA:472,0
DA:473,0
DA:476,0
DA:477,0
DA:481,0
DA:482,0
DA:486,0
DA:487,0
DA:489,0
DA:490,0
DA:492,0
DA:493,0
LF:184
LH:47
BRDA:29,0,0,0
BRDA:29,0,1,1
BRDA:29,1,0,1
BRDA:29,1,1,1
BRDA:29,1,2,1
BRDA:34,2,0,0
BRDA:34,2,1,1
BRDA:48,3,0,0
BRDA:48,3,1,1
BRDA:55,4,0,0
BRDA:55,4,1,1
BRDA:56,5,0,1
BRDA:56,5,1,1
BRDA:65,6,0,0
BRDA:65,6,1,1
BRDA:66,7,0,0
BRDA:66,7,1,0
BRDA:67,8,0,0
BRDA:67,8,1,0
BRDA:67,8,2,0
BRDA:78,9,0,0
BRDA:78,9,1,0
BRDA:78,10,0,0
BRDA:78,10,1,0
BRDA:83,11,0,0
BRDA:83,11,1,0
BRDA:93,12,0,1
BRDA:93,12,1,0
BRDA:109,13,0,1
BRDA:109,13,1,1
BRDA:118,14,0,1
BRDA:118,14,1,0
BRDA:139,15,0,0
BRDA:139,15,1,1
BRDA:144,16,0,0
BRDA:144,16,1,1
BRDA:162,17,0,0
BRDA:162,17,1,0
BRDA:166,18,0,0
BRDA:166,18,1,0
BRDA:171,19,0,0
BRDA:171,19,1,0
BRDA:172,20,0,0
BRDA:172,20,1,0
BRDA:173,21,0,0
BRDA:173,21,1,0
BRDA:173,21,2,0
BRDA:183,22,0,0
BRDA:183,22,1,0
BRDA:183,23,0,0
BRDA:183,23,1,0
BRDA:188,24,0,0
BRDA:188,24,1,0
BRDA:198,25,0,0
BRDA:198,25,1,0
BRDA:200,26,0,0
BRDA:200,26,1,0
BRDA:205,27,0,0
BRDA:205,27,1,0
BRDA:223,28,0,0
BRDA:223,28,1,0
BRDA:227,29,0,0
BRDA:227,29,1,0
BRDA:239,30,0,0
BRDA:239,30,1,0
BRDA:239,31,0,0
BRDA:239,31,1,0
BRDA:241,32,0,0
BRDA:241,32,1,0
BRDA:253,33,0,0
BRDA:253,33,1,0
BRDA:254,34,0,0
BRDA:254,34,1,0
BRDA:255,35,0,0
BRDA:255,35,1,0
BRDA:256,36,0,0
BRDA:256,36,1,0
BRDA:257,37,0,0
BRDA:257,37,1,0
BRDA:258,38,0,0
BRDA:258,38,1,0
BRDA:259,39,0,0
BRDA:259,39,1,0
BRDA:260,40,0,0
BRDA:260,40,1,0
BRDA:263,41,0,0
BRDA:263,41,1,0
BRDA:267,42,0,0
BRDA:267,42,1,0
BRDA:271,43,0,0
BRDA:271,43,1,0
BRDA:277,44,0,0
BRDA:277,44,1,0
BRDA:278,45,0,0
BRDA:278,45,1,0
BRDA:278,45,2,0
BRDA:283,46,0,0
BRDA:283,46,1,0
BRDA:284,47,0,0
BRDA:284,47,1,0
BRDA:284,47,2,0
BRDA:297,48,0,0
BRDA:297,48,1,0
BRDA:312,49,0,0
BRDA:312,49,1,0
BRDA:312,50,0,0
BRDA:312,50,1,0
BRDA:315,51,0,0
BRDA:315,51,1,0
BRDA:315,52,0,0
BRDA:315,52,1,0
BRDA:316,53,0,0
BRDA:316,53,1,0
BRDA:316,54,0,0
BRDA:316,54,1,0
BRDA:324,55,0,0
BRDA:324,55,1,0
BRDA:327,56,0,0
BRDA:327,56,1,0
BRDA:327,57,0,0
BRDA:327,57,1,0
BRDA:328,58,0,0
BRDA:328,58,1,0
BRDA:328,59,0,0
BRDA:328,59,1,0
BRDA:344,60,0,0
BRDA:344,60,1,0
BRDA:358,61,0,0
BRDA:358,61,1,1
BRDA:359,62,0,0
BRDA:359,62,1,1
BRDA:363,63,0,1
BRDA:363,63,1,0
BRDA:416,64,0,0
BRDA:416,64,1,0
BRDA:416,65,0,0
BRDA:416,65,1,0
BRDA:416,65,2,0
BRDA:420,66,0,0
BRDA:420,66,1,0
BRDA:427,67,0,0
BRDA:427,67,1,0
BRDA:431,68,0,0
BRDA:431,68,1,0
BRDA:435,69,0,0
BRDA:435,69,1,0
BRDA:436,70,0,0
BRDA:436,70,1,0
BRDA:450,71,0,0
BRDA:450,71,1,0
BRDA:450,72,0,0
BRDA:450,72,1,0
BRDA:476,73,0,0
BRDA:476,73,1,0
BRDA:481,74,0,0
BRDA:481,74,1,0
BRF:156
BRH:19
end_of_record
TN:
SF:controllers\userController.js
FN:8,(anonymous_0)
FN:48,(anonymous_1)
FN:79,(anonymous_2)
FN:106,(anonymous_3)
FNF:4
FNH:4
FNDA:3,(anonymous_0)
FNDA:2,(anonymous_1)
FNDA:2,(anonymous_2)
FNDA:3,(anonymous_3)
DA:8,1
DA:9,3
DA:10,3
DA:12,3
DA:13,3
DA:14,1
DA:17,2
DA:24,1
DA:26,1
DA:27,1
DA:37,0
DA:40,1
DA:41,1
DA:48,1
DA:49,2
DA:50,2
DA:53,2
DA:55,2
DA:56,1
DA:68,1
DA:71,0
DA:72,0
DA:79,1
DA:80,2
DA:81,2
DA:83,2
DA:84,1
DA:95,1
DA:98,0
DA:99,0
DA:106,1
DA:107,3
DA:108,3
DA:110,3
DA:111,2
DA:112,2
DA:114,2
DA:115,1
DA:118,2
DA:120,2
DA:130,1
DA:133,0
DA:134,0
LF:43
LH:36
BRDA:13,0,0,1
BRDA:13,0,1,2
BRDA:26,1,0,1
BRDA:26,1,1,0
BRDA:55,2,0,1
BRDA:55,2,1,1
BRDA:55,3,0,2
BRDA:55,3,1,2
BRDA:83,4,0,1
BRDA:83,4,1,1
BRDA:110,5,0,2
BRDA:110,5,1,1
BRDA:111,6,0,2
BRDA:111,6,1,1
BRDA:112,7,0,2
BRDA:112,7,1,1
BRDA:114,8,0,1
BRDA:114,8,1,1
BRF:18
BRH:17
end_of_record
TN:
SF:middleware\auth.js
FN:8,(anonymous_0)
FN:39,(anonymous_1)
FN:48,(anonymous_2)
FNF:3
FNH:1
FNDA:0,(anonymous_0)
FNDA:0,(anonymous_1)
FNDA:4,(anonymous_2)
DA:5,1
DA:8,1
DA:12,0
DA:16,0
DA:18,0
DA:21,0
DA:24,0
DA:26,0
DA:28,0
DA:29,0
DA:33,0
DA:34,0
DA:39,1
DA:40,0
DA:41,0
DA:43,0
DA:48,1
DA:49,4
LF:18
LH:5
BRDA:5,0,0,1
BRDA:5,0,1,1
BRDA:12,1,0,0
BRDA:12,1,1,0
BRDA:13,2,0,0
BRDA:13,2,1,0
BRDA:33,3,0,0
BRDA:33,3,1,0
BRDA:40,4,0,0
BRDA:40,4,1,0
BRDA:40,5,0,0
BRDA:40,5,1,0
BRF:12
BRH:2
end_of_record
TN:
SF:models\Achievement.js
FNF:0
FNH:0
DA:3,3
DA:43,3
LF:2
LH:2
BRF:0
BRH:0
end_of_record
TN:
SF:models\Card.js
FNF:0
FNH:0
DA:4,3
DA:79,3
DA:80,3
DA:81,3
DA:83,3
LF:5
LH:5
BRF:0
BRH:0
end_of_record
TN:
SF:models\CharacterClass.js
FNF:0
FNH:0
DA:3,1
DA:23,1
LF:2
LH:2
BRF:0
BRH:0
end_of_record
TN:
SF:models\Dungeon.js
FNF:0
FNH:0
DA:4,1
DA:22,1
DA:36,1
LF:3
LH:3
BRF:0
BRH:0
end_of_record
TN:
SF:models\Event.js
FNF:0
FNH:0
DA:3,1
DA:35,1
LF:2
LH:2
BRF:0
BRH:0
end_of_record
TN:
SF:models\Inventory.js
FNF:0
FNH:0
DA:4,3
DA:15,3
DA:20,3
DA:36,3
DA:41,3
DA:63,3
LF:6
LH:6
BRF:0
BRH:0
end_of_record
TN:
SF:models\Monster.js
FNF:0
FNH:0
DA:4,2
DA:48,2
LF:2
LH:2
BRF:0
BRH:0
end_of_record
TN:
SF:models\ShopItem.js
FNF:0
FNH:0
DA:2,2
DA:4,2
DA:13,2
DA:18,2
DA:45,2
DA:74,2
DA:100,2
LF:7
LH:7
BRF:0
BRH:0
end_of_record
TN:
SF:models\Skill.js
FNF:0
FNH:0
DA:3,2
DA:51,2
LF:2
LH:2
BRF:0
BRH:0
end_of_record
TN:
SF:models\Task.js
FNF:0
FNH:0
DA:4,3
DA:34,3
DA:130,3
LF:3
LH:3
BRF:0
BRH:0
end_of_record
TN:
SF:models\TaskHistory.js
FNF:0
FNH:0
DA:4,3
LF:1
LH:1
BRF:0
BRH:0
end_of_record
TN:
SF:models\User.js
FN:32,(anonymous_0)
FN:37,(anonymous_1)
FN:95,(anonymous_2)
FN:106,(anonymous_3)
FNF:4
FNH:3
FNDA:56,(anonymous_0)
FNDA:56,(anonymous_1)
FNDA:39,(anonymous_2)
FNDA:0,(anonymous_3)
DA:5,6
DA:32,56
DA:37,56
DA:95,6
DA:97,39
DA:98,8
DA:101,39
DA:102,39
DA:106,6
DA:107,0
DA:110,6
LF:11
LH:10
BRDA:97,0,0,8
BRDA:97,0,1,31
BRF:2
BRH:2
end_of_record
TN:
SF:models\UserAchievement.js
FNF:0
FNH:0
DA:4,3
DA:28,3
DA:30,3
LF:3
LH:3
BRF:0
BRH:0
end_of_record
TN:
SF:models\UserDungeonStats.js
FNF:0
FNH:0
DA:3,5
DA:53,5
DA:55,5
LF:3
LH:3
BRF:0
BRH:0
end_of_record
TN:
SF:models\UserStats.js
FNF:0
FNH:0
DA:3,3
DA:48,3
LF:2
LH:2
BRF:0
BRH:0
end_of_record
TN:
SF:services\combatEngine.js
FN:10,(anonymous_0)
FN:14,(anonymous_1)
FN:21,(anonymous_2)
FN:25,(anonymous_3)
FN:32,(anonymous_4)
FN:37,(anonymous_5)
FN:40,(anonymous_6)
FN:47,(anonymous_7)
FN:52,(anonymous_8)
FN:55,(anonymous_9)
FN:61,(anonymous_10)
FN:129,(anonymous_11)
FN:182,(anonymous_12)
FN:295,(anonymous_13)
FN:298,(anonymous_14)
FN:413,(anonymous_15)
FNF:16
FNH:0
FNDA:0,(anonymous_0)
FNDA:0,(anonymous_1)
FNDA:0,(anonymous_2)
FNDA:0,(anonymous_3)
FNDA:0,(anonymous_4)
FNDA:0,(anonymous_5)
FNDA:0,(anonymous_6)
FNDA:0,(anonymous_7)
FNDA:0,(anonymous_8)
FNDA:0,(anonymous_9)
FNDA:0,(anonymous_10)
FNDA:0,(anonymous_11)
FNDA:0,(anonymous_12)
FNDA:0,(anonymous_13)
FNDA:0,(anonymous_14)
FNDA:0,(anonymous_15)
DA:6,1
DA:11,0
DA:15,0
DA:22,0
DA:26,0
DA:33,0
DA:34,0
DA:38,0
DA:41,0
DA:48,0
DA:49,0
DA:53,0
DA:56,0
DA:61,1
DA:62,0
DA:63,0
DA:64,0
DA:67,0
DA:73,0
DA:75,0
DA:76,0
DA:77,0
DA:80,0
DA:81,0
DA:82,0
DA:83,0
DA:84,0
DA:85,0
DA:86,0
DA:87,0
DA:88,0
DA:89,0
DA:90,0
DA:92,0
DA:95,0
DA:98,0
DA:100,0
DA:101,0
DA:113,0
DA:114,0
DA:117,0
DA:118,0
DA:119,0
DA:129,0
DA:140,0
DA:141,0
DA:142,0
DA:143,0
DA:144,0
DA:147,0
DA:148,0
DA:151,0
DA:152,0
DA:153,0
DA:154,0
DA:158,0
DA:159,0
DA:160,0
DA:163,0
DA:164,0
DA:165,0
DA:167,0
DA:168,0
DA:169,0
DA:170,0
DA:171,0
DA:172,0
DA:173,0
DA:174,0
DA:176,0
DA:177,0
DA:180,0
DA:181,0
DA:182,0
DA:191,0
DA:192,0
DA:195,0
DA:198,0
DA:199,0
DA:200,0
DA:201,0
DA:203,0
DA:204,0
DA:208,0
DA:211,0
DA:212,0
DA:213,0
DA:215,0
DA:217,0
DA:220,0
DA:221,0
DA:224,0
DA:225,0
DA:226,0
DA:227,0
DA:231,0
DA:232,0
DA:233,0
DA:234,0
DA:235,0
DA:237,0
DA:241,0
DA:242,0
DA:244,0
DA:245,0
DA:246,0
DA:247,0
DA:248,0
DA:252,0
DA:254,0
DA:255,0
DA:256,0
DA:257,0
DA:258,0
DA:263,0
DA:264,0
DA:265,0
DA:266,0
DA:271,0
DA:272,0
DA:275,0
DA:276,0
DA:277,0
DA:278,0
DA:282,0
DA:286,0
DA:289,0
DA:290,0
DA:291,0
DA:292,0
DA:295,0
DA:296,0
DA:298,0
DA:301,0
DA:302,0
DA:304,0
DA:305,0
DA:306,0
DA:309,0
DA:312,0
DA:313,0
DA:314,0
DA:315,0
DA:316,0
DA:318,0
DA:319,0
DA:324,0
DA:325,0
DA:327,0
DA:328,0
DA:329,0
DA:333,0
DA:334,0
DA:335,0
DA:336,0
DA:339,0
DA:340,0
DA:341,0
DA:342,0
DA:348,0
DA:352,0
DA:353,0
DA:355,0
DA:356,0
DA:358,0
DA:368,0
DA:369,0
DA:370,0
DA:371,0
DA:373,0
DA:374,0
DA:375,0
DA:380,0
DA:381,0
DA:382,0
DA:384,0
DA:385,0
DA:386,0
DA:387,0
DA:388,0
DA:389,0
DA:390,0
DA:393,0
DA:394,0
DA:395,0
DA:396,0
DA:398,0
DA:401,0
DA:413,0
LF:189
LH:2
BRDA:33,0,0,0
BRDA:33,0,1,0
BRDA:38,1,0,0
BRDA:38,1,1,0
BRDA:48,2,0,0
BRDA:48,2,1,0
BRDA:68,3,0,0
BRDA:68,3,1,0
BRDA:69,4,0,0
BRDA:69,4,1,0
BRDA:75,5,0,0
BRDA:75,5,1,0
BRDA:75,6,0,0
BRDA:75,6,1,0
BRDA:80,7,0,0
BRDA:80,7,1,0
BRDA:82,8,0,0
BRDA:82,8,1,0
BRDA:82,9,0,0
BRDA:82,9,1,0
BRDA:85,10,0,0
BRDA:85,10,1,0
BRDA:85,11,0,0
BRDA:85,11,1,0
BRDA:88,12,0,0
BRDA:88,12,1,0
BRDA:88,13,0,0
BRDA:88,13,1,0
BRDA:98,14,0,0
BRDA:98,14,1,0
BRDA:102,15,0,0
BRDA:102,15,1,0
BRDA:103,16,0,0
BRDA:103,16,1,0
BRDA:104,17,0,0
BRDA:104,17,1,0
BRDA:105,18,0,0
BRDA:105,18,1,0
BRDA:106,19,0,0
BRDA:106,19,1,0
BRDA:107,20,0,0
BRDA:107,20,1,0
BRDA:108,21,0,0
BRDA:108,21,1,0
BRDA:109,22,0,0
BRDA:109,22,1,0
BRDA:117,23,0,0
BRDA:117,23,1,0
BRDA:132,24,0,0
BRDA:132,24,1,0
BRDA:133,25,0,0
BRDA:133,25,1,0
BRDA:134,26,0,0
BRDA:134,26,1,0
BRDA:135,27,0,0
BRDA:135,27,1,0
BRDA:136,28,0,0
BRDA:136,28,1,0
BRDA:137,29,0,0
BRDA:137,29,1,0
BRDA:141,30,0,0
BRDA:141,30,1,0
BRDA:147,31,0,0
BRDA:147,31,1,0
BRDA:148,32,0,0
BRDA:148,32,1,0
BRDA:152,33,0,0
BRDA:152,33,1,0
BRDA:152,34,0,0
BRDA:152,34,1,0
BRDA:167,35,0,0
BRDA:167,35,1,0
BRDA:168,36,0,0
BRDA:168,36,1,0
BRDA:169,37,0,0
BRDA:169,37,1,0
BRDA:170,38,0,0
BRDA:170,38,1,0
BRDA:171,39,0,0
BRDA:171,39,1,0
BRDA:172,40,0,0
BRDA:172,40,1,0
BRDA:173,41,0,0
BRDA:173,41,1,0
BRDA:174,42,0,0
BRDA:174,42,1,0
BRDA:180,43,0,0
BRDA:180,43,1,0
BRDA:181,44,0,0
BRDA:181,44,1,0
BRDA:181,45,0,0
BRDA:181,45,1,0
BRDA:195,46,0,0
BRDA:195,46,1,0
BRDA:198,47,0,0
BRDA:198,47,1,0
BRDA:203,48,0,0
BRDA:203,48,1,0
BRDA:204,49,0,0
BRDA:204,49,1,0
BRDA:211,50,0,0
BRDA:211,50,1,0
BRDA:215,51,0,0
BRDA:215,51,1,0
BRDA:225,52,0,0
BRDA:225,52,1,0
BRDA:225,53,0,0
BRDA:225,53,1,0
BRDA:225,53,2,0
BRDA:232,54,0,0
BRDA:232,54,1,0
BRDA:242,55,0,0
BRDA:242,55,1,0
BRDA:246,56,0,0
BRDA:246,56,1,0
BRDA:252,57,0,0
BRDA:252,57,1,0
BRDA:255,58,0,0
BRDA:255,58,1,0
BRDA:265,59,0,0
BRDA:265,59,1,0
BRDA:275,60,0,0
BRDA:275,60,1,0
BRDA:290,61,0,0
BRDA:290,61,1,0
BRDA:295,62,0,0
BRDA:295,62,1,0
BRDA:298,63,0,0
BRDA:298,63,1,0
BRDA:298,64,0,0
BRDA:298,64,1,0
BRDA:302,65,0,0
BRDA:302,65,1,0
BRDA:313,66,0,0
BRDA:313,66,1,0
BRDA:327,67,0,0
BRDA:327,67,1,0
BRDA:339,68,0,0
BRDA:339,68,1,0
BRDA:352,69,0,0
BRDA:352,69,1,0
BRDA:368,70,0,0
BRDA:368,70,1,0
BRDA:369,71,0,0
BRDA:369,71,1,0
BRDA:374,72,0,0
BRDA:374,72,1,0
BRDA:374,73,0,0
BRDA:374,73,1,0
BRDA:393,74,0,0
BRDA:393,74,1,0
BRDA:394,75,0,0
BRDA:394,75,1,0
BRF:153
BRH:0
end_of_record
TN:
SF:services\dropService.js
FN:95,(anonymous_0)
FN:199,(anonymous_1)
FN:230,(anonymous_2)
FNF:3
FNH:0
FNDA:0,(anonymous_0)
FNDA:0,(anonymous_1)
FNDA:0,(anonymous_2)
DA:9,1
DA:95,1
DA:96,0
DA:103,0
DA:105,0
DA:106,0
DA:108,0
DA:110,0
DA:111,0
DA:114,0
DA:118,0
DA:119,0
DA:120,0
DA:121,0
DA:128,0
DA:130,0
DA:131,0
DA:132,0
DA:145,0
DA:146,0
DA:147,0
DA:148,0
DA:149,0
DA:150,0
DA:157,0
DA:158,0
DA:159,0
DA:160,0
DA:166,0
DA:167,0
DA:179,0
DA:180,0
DA:183,0
DA:184,0
DA:185,0
DA:187,0
DA:199,1
DA:200,0
DA:202,0
DA:203,0
DA:204,0
DA:205,0
DA:209,0
DA:215,0
DA:217,0
DA:218,0
DA:230,1
DA:231,0
DA:232,0
DA:233,0
DA:236,0
DA:252,0
DA:255,0
DA:261,0
DA:271,0
DA:272,0
LF:56
LH:4
BRDA:110,0,0,0
BRDA:110,0,1,0
BRDA:111,1,0,0
BRDA:111,1,1,0
BRDA:114,2,0,0
BRDA:114,2,1,0
BRDA:115,3,0,0
BRDA:115,3,1,0
BRDA:115,4,0,0
BRDA:115,4,1,0
BRDA:118,5,0,0
BRDA:118,5,1,0
BRDA:118,6,0,0
BRDA:118,6,1,0
BRDA:120,7,0,0
BRDA:120,7,1,0
BRDA:120,8,0,0
BRDA:120,8,1,0
BRDA:128,9,0,0
BRDA:128,9,1,0
BRDA:131,10,0,0
BRDA:131,10,1,0
BRDA:145,11,0,0
BRDA:145,11,1,0
BRDA:145,12,0,0
BRDA:145,12,1,0
BRDA:147,13,0,0
BRDA:147,13,1,0
BRDA:147,14,0,0
BRDA:147,14,1,0
BRDA:149,15,0,0
BRDA:149,15,1,0
BRDA:157,16,0,0
BRDA:157,16,1,0
BRDA:157,17,0,0
BRDA:157,17,1,0
BRDA:159,18,0,0
BRDA:159,18,1,0
BRDA:166,19,0,0
BRDA:166,19,1,0
BRDA:166,20,0,0
BRDA:166,20,1,0
BRDA:203,21,0,0
BRDA:203,21,1,0
BRDA:232,22,0,0
BRDA:232,22,1,0
BRF:46
BRH:0
end_of_record
TN:
SF:services\eventEngine.js
FN:4,(anonymous_0)
FNF:1
FNH:0
FNDA:0,(anonymous_0)
DA:4,1
DA:5,0
DA:6,0
DA:8,0
DA:9,0
DA:12,0
DA:15,0
DA:17,0
DA:18,0
DA:19,0
DA:20,0
DA:21,0
DA:26,0
DA:27,0
DA:28,0
DA:29,0
DA:30,0
DA:35,0
DA:36,0
DA:37,0
DA:38,0
DA:39,0
DA:40,0
DA:41,0
DA:42,0
DA:43,0
DA:50,0
DA:52,0
DA:55,0
DA:60,0
DA:62,0
DA:64,0
DA:66,0
DA:75,0
DA:78,0
DA:79,0
DA:80,0
DA:87,0
DA:88,0
DA:89,0
DA:96,0
DA:103,0
DA:106,0
DA:107,0
LF:44
LH:1
BRDA:6,0,0,0
BRDA:6,0,1,0
BRDA:6,1,0,0
BRDA:6,1,1,0
BRDA:8,2,0,0
BRDA:8,2,1,0
BRDA:17,3,0,0
BRDA:17,3,1,0
BRDA:18,4,0,0
BRDA:18,4,1,0
BRDA:19,5,0,0
BRDA:19,5,1,0
BRDA:20,6,0,0
BRDA:20,6,1,0
BRDA:26,7,0,0
BRDA:26,7,1,0
BRDA:27,8,0,0
BRDA:27,8,1,0
BRDA:28,9,0,0
BRDA:28,9,1,0
BRDA:29,10,0,0
BRDA:29,10,1,0
BRDA:35,11,0,0
BRDA:35,11,1,0
BRDA:37,12,0,0
BRDA:37,12,1,0
BRDA:38,13,0,0
BRDA:38,13,1,0
BRDA:38,14,0,0
BRDA:38,14,1,0
BRDA:39,15,0,0
BRDA:39,15,1,0
BRDA:41,16,0,0
BRDA:41,16,1,0
BRDA:50,17,0,0
BRDA:50,17,1,0
BRDA:50,18,0,0
BRDA:50,18,1,0
BRDA:50,18,2,0
BRDA:60,19,0,0
BRDA:60,19,1,0
BRDA:62,20,0,0
BRDA:62,20,1,0
BRDA:75,21,0,0
BRDA:75,21,1,0
BRDA:75,21,2,0
BRDA:75,21,3,0
BRDA:79,22,0,0
BRDA:79,22,1,0
BRDA:87,23,0,0
BRDA:87,23,1,0
BRF:51
BRH:0
end_of_record
TN:
SF:utils\TaskRewardCalculator.js
FN:1,(anonymous_0)
FNF:1
FNH:0
FNDA:0,(anonymous_0)
DA:1,1
DA:2,0
DA:3,0
DA:5,0
LF:4
LH:1
BRDA:1,0,0,0
BRDA:1,1,0,0
BRDA:1,2,0,0
BRDA:2,3,0,0
BRDA:2,3,1,0
BRDA:3,4,0,0
BRDA:3,4,1,0
BRF:7
BRH:0
end_of_record
TN:
SF:utils\checkAchievements.js
FN:7,checkAndUnlockAchievements
FN:19,(anonymous_1)
FNF:2
FNH:0
FNDA:0,checkAndUnlockAchievements
FNDA:0,(anonymous_1)
DA:8,0
DA:11,0
DA:12,0
DA:13,0
DA:14,0
DA:18,0
DA:19,0
DA:20,0
DA:21,0
DA:22,0
DA:23,0
DA:24,0
DA:25,0
DA:26,0
DA:28,0
DA:29,0
DA:31,0
DA:32,0
DA:34,0
DA:35,0
DA:37,0
DA:38,0
DA:40,0
DA:41,0
DA:43,0
DA:44,0
DA:46,0
DA:48,0
DA:49,0
DA:56,0
DA:68,0
DA:69,0
DA:70,0
DA:71,0
DA:75,0
DA:77,0
LF:36
LH:0
BRDA:12,0,0,0
BRDA:12,0,1,0
BRDA:22,1,0,0
BRDA:22,1,1,0
BRDA:23,2,0,0
BRDA:23,2,1,0
BRDA:26,3,0,0
BRDA:26,3,1,0
BRDA:26,3,2,0
BRDA:26,3,3,0
BRDA:26,3,4,0
BRDA:26,3,5,0
BRDA:26,3,6,0
BRDA:48,4,0,0
BRDA:48,4,1,0
BRDA:60,5,0,0
BRDA:60,5,1,0
BRDA:61,6,0,0
BRDA:61,6,1,0
BRDA:62,7,0,0
BRDA:62,7,1,0
BRDA:63,8,0,0
BRDA:63,8,1,0
BRF:23
BRH:0
end_of_record
TN:
SF:utils\userStatsSync.js
FN:12,SyncUserStats
FN:22,checkUserStats
FN:34,SyncUser
FN:69,SyncTaskHistory
FN:80,(anonymous_4)
FN:89,(anonymous_5)
FN:92,(anonymous_6)
FN:95,(anonymous_7)
FN:98,(anonymous_8)
FN:103,(anonymous_9)
FN:104,(anonymous_10)
FN:116,(anonymous_11)
FN:119,(anonymous_12)
FN:137,(anonymous_13)
FN:189,checkCardNumber
FN:195,(anonymous_15)
FN:196,(anonymous_16)
FN:210,checkTaskNumber
FN:218,(anonymous_18)
FN:225,(anonymous_19)
FN:226,(anonymous_20)
FN:241,addDeletedTasksNum
FN:257,addEditedTasksNum
FN:273,checkGameStats
FN:295,checkIfGodAchievementUnlocked
FN:331,(anonymous_25)
FN:349,toSeconds
FN:352,toTimeStr
FN:358,getMinDuration
FN:360,(anonymous_29)
FN:364,getMaxDuration
FN:366,(anonymous_31)
FNF:32
FNH:5
FNDA:0,SyncUserStats
FNDA:1,checkUserStats
FNDA:0,SyncUser
FNDA:0,SyncTaskHistory
FNDA:0,(anonymous_4)
FNDA:0,(anonymous_5)
FNDA:0,(anonymous_6)
FNDA:0,(anonymous_7)
FNDA:0,(anonymous_8)
FNDA:0,(anonymous_9)
FNDA:0,(anonymous_10)
FNDA:0,(anonymous_11)
FNDA:0,(anonymous_12)
FNDA:0,(anonymous_13)
FNDA:3,checkCardNumber
FNDA:12,(anonymous_15)
FNDA:12,(anonymous_16)
FNDA:0,checkTaskNumber
FNDA:0,(anonymous_18)
FNDA:0,(anonymous_19)
FNDA:0,(anonymous_20)
FNDA:1,addDeletedTasksNum
FNDA:0,addEditedTasksNum
FNDA:0,checkGameStats
FNDA:0,checkIfGodAchievementUnlocked
FNDA:0,(anonymous_25)
FNDA:0,toSeconds
FNDA:0,toTimeStr
FNDA:0,getMinDuration
FNDA:0,(anonymous_29)
FNDA:0,getMaxDuration
FNDA:0,(anonymous_31)
DA:13,0
DA:14,0
DA:15,0
DA:16,0
DA:17,0
DA:18,0
DA:19,0
DA:23,1
DA:24,1
DA:25,1
DA:26,1
DA:27,1
DA:28,1
DA:30,0
DA:35,0
DA:38,0
DA:39,0
DA:40,0
DA:44,0
DA:46,0
DA:49,0
DA:53,0
DA:54,0
DA:65,0
DA:70,0
DA:72,0
DA:73,0
DA:74,0
DA:75,0
DA:79,0
DA:80,0
DA:82,0
DA:83,0
DA:84,0
DA:88,0
DA:89,0
DA:91,0
DA:92,0
DA:94,0
DA:95,0
DA:97,0
DA:98,0
DA:102,0
DA:103,0
DA:104,0
DA:106,0
DA:107,0
DA:109,0
DA:110,0
DA:111,0
DA:115,0
DA:116,0
DA:118,0
DA:119,0
DA:121,0
DA:122,0
DA:123,0
DA:124,0
DA:129,0
DA:136,0
DA:137,0
DA:140,0
DA:141,0
DA:142,0
DA:143,0
DA:144,0
DA:145,0
DA:146,0
DA:148,0
DA:152,0
DA:153,0
DA:154,0
DA:155,0
DA:156,0
DA:157,0
DA:158,0
DA:160,0
DA:165,0
DA:185,0
DA:190,3
DA:191,3
DA:192,0
DA:193,0
DA:195,12
DA:196,12
DA:199,3
DA:211,0
DA:212,0
DA:213,0
DA:214,0
DA:217,0
DA:218,0
DA:221,0
DA:222,0
DA:225,0
DA:226,0
DA:227,0
DA:228,0
DA:231,0
DA:243,1
DA:244,1
DA:245,1
DA:249,1
DA:251,0
DA:259,0
DA:260,0
DA:261,0
DA:265,0
DA:267,0
DA:275,0
DA:276,0
DA:277,0
DA:281,0
DA:283,0
DA:284,0
DA:285,0
DA:286,0
DA:288,0
DA:289,0
DA:297,0
DA:298,0
DA:299,0
DA:303,0
DA:305,0
DA:308,0
DA:311,0
DA:312,0
DA:314,0
DA:318,0
DA:322,0
DA:323,0
DA:325,0
DA:329,0
DA:330,0
DA:331,0
DA:333,0
DA:338,0
DA:343,0
DA:350,0
DA:353,0
DA:359,0
DA:360,0
DA:365,0
DA:366,0
LF:144
LH:15
BRDA:25,0,0,1
BRDA:25,0,1,0
BRDA:39,1,0,0
BRDA:39,1,1,0
BRDA:73,2,0,0
BRDA:73,2,1,0
BRDA:80,3,0,0
BRDA:80,3,1,0
BRDA:82,4,0,0
BRDA:82,4,1,0
BRDA:92,5,0,0
BRDA:92,5,1,0
BRDA:95,6,0,0
BRDA:95,6,1,0
BRDA:109,7,0,0
BRDA:109,7,1,0
BRDA:116,8,0,0
BRDA:116,8,1,0
BRDA:119,9,0,0
BRDA:119,9,1,0
BRDA:144,10,0,0
BRDA:144,10,1,0
BRDA:156,11,0,0
BRDA:156,11,1,0
BRDA:174,12,0,0
BRDA:174,12,1,0
BRDA:176,13,0,0
BRDA:176,13,1,0
BRDA:177,14,0,0
BRDA:177,14,1,0
BRDA:178,15,0,0
BRDA:178,15,1,0
BRDA:191,16,0,0
BRDA:191,16,1,3
BRDA:212,17,0,0
BRDA:212,17,1,0
BRDA:227,18,0,0
BRDA:227,18,1,0
BRDA:228,19,0,0
BRDA:228,19,1,0
BRDA:244,20,0,1
BRDA:244,20,1,0
BRDA:260,21,0,0
BRDA:260,21,1,0
BRDA:276,22,0,0
BRDA:276,22,1,0
BRDA:284,23,0,0
BRDA:284,23,1,0
BRDA:284,24,0,0
BRDA:284,24,1,0
BRDA:298,25,0,0
BRDA:298,25,1,0
BRDA:333,26,0,0
BRDA:333,26,1,0
BRDA:334,27,0,0
BRDA:334,27,1,0
BRDA:334,27,2,0
BRDA:360,28,0,0
BRDA:360,28,1,0
BRDA:360,29,0,0
BRDA:360,29,1,0
BRDA:366,30,0,0
BRDA:366,30,1,0
BRDA:366,31,0,0
BRDA:366,31,1,0
BRF:65
BRH:3
end_of_record
